HorseMackerel_2011
# datafile_name
hm2015_nozero.dat
# model_name
Reference
# styr
1992
# endyr
2014
# rec_age
0
# oldest_age
11
# nfsh
1
# fshname
south_horse_mackerel
# catch_bio
 27858.3 31521.3 28450.5 25132.2 20359.9 29490.9 41661.1 27767.7 26160.5 24911.4 22506 18887.1 24485.4 22689.2 23894.7 22787.3 22993.1 25726.5 27216.8 21874.5 24868.2 28988.4 29016.9
# catch_bio_sd
 0.05 0.05 0.05 0.05 0.05 0.05 0.05 0.05 0.05 0.05 0.05 0.05 0.05 0.05 0.05 0.05 0.05 0.05 0.05 0.05 0.05 0.05 0.05
# nyrs_fsh_age
 23
# yrs_fsh_age
 1992 1993 1994 1995 1996 1997 1998 1999 2000 2001 2002 2003 2004 2005 2006 2007 2008 2009 2010 2011 2012 2013 2014
# n_sample_fsh_age
 100 100 100 100 100 100 100 100 100 100 100 100 100 100 100 100 100 100 100 100 100 100 100
# oac_fsh
 11684.2 95185.6 145732 40736.3 12170.8 9102.01 5017.53 6864.39 5154.79 4761.4 13973 14353.8
 6480.06 66211.3 137089 100515 35417.8 13367.2 12938.1 10494.6 6596.95 5551.62 4496.98 14441.6
 12713.1 63230.4 86717.5 96253.1 28761.1 7627.58 4398.41 3433.14 5208.61 4834.44 6047.03 12264
 7229.62 55380 31265.1 52029.8 28198.8 11009.5 4003.36 3139.46 2719.92 3352.42 2529.55 31343.2
 69650.7 13797.7 14021 28125.4 33936.5 9860.73 6610.5 4500.78 4164.37 5503.63 3306.32 14242.5
 5056.44 295329 112210 26235.7 17168.3 12886.2 7780.26 7169.46 3937.53 3866.88 2424.85 8846.71
 22916.8 95949.9 320721 68437.7 18769.6 11317.3 9712.04 20627.4 12759.9 6685.77 6211.66 11323.1
 51659.1 29794.9 26230.6 66703.8 42959.8 15700.5 13840.2 7554.82 4175.4 4790.48 2474.75 7416.62
 12246.4 72936.4 23546.6 41617.7 35967.6 18643 17253.5 12118.5 7915.04 5227.03 3123.67 3556.61
 105759 77363.8 31260.7 24103.9 23721.5 16794.2 15391.5 14964 9795.06 3309.64 2022.74 3988.87
 18444.2 94401.7 84378.8 26482.1 13161.3 11396.2 10262.6 12500.6 10156.4 7524.7 3607.4 4433.43
 40032.6 6829.5 36753.6 28558.8 21930.8 12789.9 14750.7 13581.9 10630.9 6492.09 3530.78 2332.73
 7101.35 126797 58054.2 18242.5 8327.52 13585.8 11835.9 14878.1 10542 3876.11 5257.6 5318.47
 21015.1 108070 49196.7 24288.8 17877.4 11334 11178.7 7927.13 9124.35 7444.63 5502.22 11419.7
 3329.06 92562.9 92895.8 22665.2 6738.02 13176.1 11892 6028.63 7302.85 8070.42 8947.28 15321.8
 2885.02 16419.5 27667.4 44357.2 20534 8187.28 4459.25 3563.18 5975.22 4748.47 4943.43 30000.9
 48380 54167.4 31951 28057.8 16616.4 7193.99 4781.65 3660.1 4579.32 3974.94 4536.51 24989.6
 22617.9 85414.5 32415.6 8482.06 9773.68 7161.72 3289.29 2860.46 2790.94 3579.46 4235.6 39095.6
 81048.4 102016 33905.9 17496.1 11979.3 7569.37 3847.47 3941.83 2452.08 2670.93 2976.64 32284.2
 85973.1 23284.9 20987 19081.7 15046.6 7198.6 4272.15 3511.31 2884.58 5250.15 4638.89 22097.1
 201691 119136 30060.2 13963.7 14547.5 7692.77 5322 4372.85 2730.79 3217.98 4373.14 14562.1
 35849.4 123495 109557 30510.9 17467.9 9670.01 4084.61 3599.71 3123.23 2762.87 2487.78 17864
 22722.6 51726.5 89257.7 37771.6 18644.8 5572.58 2492.61 2898.56 1885.61 2137.07 2532.57 17587.9
# wt_fsh
 30 30 40 70 100 130 150 170 190 200 230 300
 20 30 40 70 90 130 170 210 240 240 250 300
 40 40 60 70 90 130 160 190 230 250 270 340
 40 30 60 80 100 120 160 170 200 220 230 310
 20 50 70 90 110 140 170 190 220 240 260 310
 30 30 50 70 110 140 170 200 240 260 260 360
 30 30 40 70 100 130 170 210 170 240 250 350
 20 40 60 80 110 140 160 190 220 250 270 360
 20 30 50 90 110 130 160 190 220 240 250 310
 20 30 70 80 90 130 160 180 200 230 240 310
 30 30 40 70 100 120 150 170 200 230 250 310
 20 30 50 60 90 120 150 180 200 230 250 310
 40 30 50 80 120 160 180 210 230 250 270 330
 20 30 40 70 120 150 170 180 220 240 250 300
 30 30 50 60 90 130 140 170 190 230 250 330
 30 50 60 70 90 110 160 190 230 220 240 300
 20 50 60 80 100 130 150 170 200 210 230 320
 20 30 60 90 110 130 150 170 180 210 240 360
 20 40 60 80 110 140 160 180 190 200 240 380
 35 60 68 84 110 137 174 186 194 231 279 374
 23 34 65 102 131 162 184 194 213 237 281 366
 45 42 51 88 131 157 180 197 213 227 258 330
 27 67 92 101 125 164 193 202 229 240 297 436
# nind
1
# indname
Bottom_Trawl
# nyrs_ind
 22
# yrs_ind
 1992 1993 1994 1995 1996 1997 1998 1999 2000 2001 2002 2003 2004 2005 2006 2007 2008 2009 2010 2011 2013 2014
# mo_ind
 10.5
# obs_ind
 26002.3 31471.5 14596.5 18636.2 8486.32 22739.2 7242.54 10132.8 7730.89 8493.87 8920.29 4360.41 16311.7 68657.3 20167 9847.1 12141.7 18097.4 21463.9 6799.21 64038.5 27810.6
# obs_se_ind
 7800.68 9441.44 4378.96 5590.88 2545.9 6821.77 2172.76 3039.84 2319.27 2548.16 2676.09 1308.12 4893.51 20597.2 6050.09 2954.13 3642.52 5429.23 6439.17 2039.76 19211.5 8343.17
# nyrs_ind_age
 22
# yrs_ind_age
 1992 1993 1994 1995 1996 1997 1998 1999 2000 2001 2002 2003 2004 2005 2006 2007 2008 2009 2010 2011 2013 2014
# n_sample_ind_age
 10 10 10 10 10 10 10 10 10 10 10 10 10 10 10 10 10 10 10 10 10 10
# oac_ind
 0 355.18 113.91 39.86 18.19 7.23 4.94 5.21 2.75 2.34 4.71 5.14
 0 190.41 192.85 119 27.93 3.65 2.64 3.64 3.34 4.83 2.91 9.42
 0 7.19 49.85 45.43 18.91 4.67 2.11 1.51 0.9 0.9 1.2 13.08
 0 65.59 93.95 56.94 25.36 4.82 1 1.17 0.49 0.24 0.47 8.86
 0 7.94 12.92 20.88 20.98 3.98 1.72 0.79 0.63 1.32 0.29 4.74
 0 59.49 98.25 29.31 47.69 27.66 5.71 4.97 2.42 2.95 1.18 3.49
 0 32.6 91.63 13.27 4.92 2.73 1.52 1.76 0.4 0.13 0.07 0.21
 0 22.23 41.79 49.25 4.13 1.42 0.83 0.31 0.34 0.99 1.16 3.65
 0 15.45 20.78 23.35 11.36 6.34 3.4 2.01 1.88 1.29 0.31 1.05
 0 1.88 3.5 2.75 3.8 5.48 6.72 11.52 7.62 3.66 2.43 2.64
 0 2.05 6.87 11.31 9 4.63 1.75 1.58 3.96 3.51 4.56 9.9
 0 7.62 7.64 14.79 13.16 3.77 2.06 1.33 0.84 0.75 0.52 0.67
 0 31.8 113.13 49.83 11.15 5.61 2.49 5.18 6.38 1.08 0.48 0.23
 0 1188.35 191.08 65.29 32.23 14.03 16.4 16.68 12.89 6.78 4.08 11.82
 0 76.75 204.14 50.9 3.05 9.78 7.06 5.8 2.37 1.32 0.65 0.5
 0 0.72 23.34 37.79 28.39 7.16 2.68 1.8 0.65 0.71 1.54 3.25
 0 21.67 33.39 19.25 24.72 17.12 2.39 0.82 1.23 1.76 1.24 4.43
 0 66.51 98.83 36.26 29.36 8.13 2.21 1.26 0.94 0.58 0.55 4.6
 0 31.91 33.91 34.16 47.54 14.94 4.81 6.39 4.12 3.95 1.57 11.06
 0 33.85 22.38 16.19 6.85 1.65 0.52 0.69 0.45 0.85 1.01 1.53
 0 300.7 644.92 115.58 28.2 3.16 2.04 2.07 1.64 1.78 1.27 5.31
 0 52.59 40.57 93.85 33.31 5.91 1.83 1.62 1.05 1.23 1.89 9.55
# wt_ind
 30 30 40 70 100 130 150 170 190 200 230 300
 20 30 40 70 90 130 170 210 240 240 250 300
 40 40 60 70 90 130 160 190 230 250 270 340
 40 30 60 80 100 120 160 170 200 220 230 310
 20 50 70 90 110 140 170 190 220 240 260 310
 30 30 50 70 110 140 170 200 240 260 260 360
 30 30 40 70 100 130 170 210 170 240 250 350
 20 40 60 80 110 140 160 190 220 250 270 360
 20 30 50 90 110 130 160 190 220 240 250 310
 20 30 70 80 90 130 160 180 200 230 240 310
 30 30 40 70 100 120 150 170 200 230 250 310
 20 30 50 60 90 120 150 180 200 230 250 310
 40 30 50 80 120 160 180 210 230 250 270 330
 20 30 40 70 120 150 170 180 220 240 250 300
 30 30 50 60 90 130 140 170 190 230 250 330
 30 50 60 70 90 110 160 190 230 220 240 300
 20 50 60 80 100 130 150 170 200 210 230 320
 20 30 60 90 110 130 150 170 180 210 240 360
 20 40 60 80 110 140 160 180 190 200 240 380
 35 60 68 84 110 137 174 186 194 231 279 374
 23 34 65 102 131 162 184 194 213 237 281 366
 45 42 51 88 131 157 180 197 213 227 258 330
 27 67 92 101 125 164 193 202 229 240 297 436
# wt_pop
 27 67 92 101 125 164 193 202 229 240 297 436
# maturity
 0 0 0.18 0.41 0.475 0.485 0.495 0.5 0.5 0.5 0.5 0.5
# spawnmo
1.5
# spmo_frac
0.0416667
# age_err
 1 0 0 0 0 0 0 0 0 0 0 0
 0 1 0 0 0 0 0 0 0 0 0 0
 0 2.42e-17 1 0 0 0 0 0 0 0 0 0
 0 1.26e-36 1.36e-05 0.999973 1.36e-05 0 0 0 0 0 0 0
 0 9.72e-45 2.42e-17 0.0025801 0.995 0.0025801 0 0 0 0 0 0
 0 4.11e-49 4.89e-26 1.56e-10 0.0179683 0.964063 0.0179683 1.56e-10 0 0 0 0
 0 7.73e-52 3.67e-32 2.42e-17 2.4e-07 0.046662 0.906676 0.0467 2.4e-07 0 0 0
 0 1.07e-53 1.26e-36 6.28e-23 1.35e-12 1.36e-05 0.0809784 0.838016 0.081 1.36e-05 1.35e-12 1.35e-12
 0 4.79e-55 5.34e-40 1.96e-27 2.42e-17 1.03e-09 0.000161596 0.11517 0.769338 0.115 0.000162 0.000162
 0 4.54e-56 1.25e-42 4.29e-31 1.87e-21 1.05e-13 7.85e-08 0.000826201 0.146304 0.70574 0.14713 0.14713
 0 7.16e-57 9.72e-45 4.15e-34 5.61e-25 2.42e-17 3.38e-11 1.57e-06 0.00257853 0.173014 0.824406 0.824406
 0 7.16e-57 9.72e-45 4.15e-34 5.61e-25 2.42e-17 3.38e-11 1.57e-06 0.00257853 0.173014 0.824406 0.824406
# cntrlfile_name
hm.dat
# Map shared selectivity: 
# sel_map
 1 2
 1 1
# datafile_name
hm2015_nozero.dat
# model_name
Reference
south_horse_mackerel fishery Sel Option: 1
Sel_in_fsh  0.2 0.7 1 1 0.8 0.5 0.5 0.2 1 1 1 1

Index Bottom_Trawl Selectivity option: 1
Index: Bottom_Trawl
Index selages: 8
Index sel_phase: 2
ind seldec_penalt: 100
ind sel_change_in:  1 0 0 0 0 0 0 0 2.8 0 2.8 0 0 2.8 0 0 2.8 0 0 0 0 0 0
Number of select changes: indices 1: 5
Year sel change 1 2008
Sel_in_ind  0.00100016 1 1 0.7 0.5 0.4 0.3 0.2 1 1 1 1
Sel_in_ind  0.00100016 1 1 0.7 0.5 0.4 0.3 0.2 1 1 1 1
Sel_in_ind  0.00100016 1 1 0.7 0.5 0.4 0.3 0.2 1 1 1 1
Sel_in_ind  0.00100016 1 1 0.7 0.5 0.4 0.3 0.2 1 1 1 1
Bottom_Trawl ind sel opt 1  1 0 0 0 0 0 0 0 2.8 0 2.8 0 0 2.8 0 0 2.8 0 0 0 0 0 0
Phase index Sel_Coffs:  2
 Test: 1.23457e+08
Fshry Selages:  8
Srvy  Selages:  8
Phase for age-spec fishery  2
Phase for logistic fishery  -1
Phase for dble logistic fishery  -1
Phase for age-spec index   2
Phase for logistic index   -1
Phase for dble logistic indy  -1
Curv_pen_fsh:  0.5
Yrs fsh_sel change:  1992 1998
Yrs ind_sel change:  1992 2000 2002 2005 2008
# steepnessprior
0.8
# sigmarprior
1.6
#  SSB estimated in styr endyr: 1981 2014 
#  Rec estimated in styr endyr: 1981 2014 
#  SR Curve fit  in styr endyr: 1993 2011 
#             Model styr endyr: 1992 2014 
# qprior:  1 
# q_power_prior 
 1 
# cv_catchbiomass 
0.05 
# CatchbiomassPen 
200 
# Number of projection years 
10 
Offset index: 
 362.164
Offset fisheries: 
 4430.67
Mean Catch
26054.3
R_guess 
7.68669
Nfsh 1
Nfsh_selch  2
Nselages_fsh:  8 8
PhaseSelCoffsh:  2
 xx Number of fishery selectivity changes:  2
 xx Number of index  selectivity changes:  5
1
 5
 8 8 8 8 8
 2
logRzero 7.68669
logmeanrec 7.68669
exp(log_sigmarprior 1.6
Fish sel phase: 2 south_horse_mackerel
Initial fixing fishery sel to
2
Init coef:
 1 1 1 1 1 1 1 1
Init coef:
 0.2 0.7 1 1 0.8 0.5 0.5 0.2
Index sel phase: 2
Fixing Bottom_Trawl index sel to
5
Leaving data secton
