AMAK;August_2013
# styr
1977
# endyr
2014
# rec_age
4
# oldest_age
15
# nlength
41
# len_bins
 10 11 12 13 14 15 16 17 18 19 20 21 22 23 24 25 26 27 28 29 30 31 32 33 34 35 36 37 38 39 40 41 42 43 44 45 46 47 48 49 50
# datafile_name
bog2014.dat
# model_name
Model_1.1
# styr
1977
# endyr
2014
# rec_age
4
# oldest_age
15
# nfsh
1
# fshname
Bogoslof_Pollock
# catch_bio_in
 11500 9600 16100 13100 22600 14700 21500 22900 13700 34600 377436 87813 36073 151672 316038 241 886 556 334 499 163 8 29 29 258 1042 24 0.5 0.5 0.5 0.5 9 73 176 173 79 57 428
# catch_bio_sd_in
 0.05 0.05 0.05 0.05 0.05 0.05 0.05 0.05 0.05 0.05 0.05 0.05 0.05 0.05 0.05 0.05 0.05 0.05 0.05 0.05 0.05 0.05 0.05 0.05 0.05 0.05 0.05 0.05 0.05 0.05 0.05 0.05 0.05 0.05 0.05 0.05 0.05 0.05
# nyrs_fsh_age
 1
# nyrs_fsh_length
 0
# yrs_fsh_age_in
 1988
# yrs_fsh_length_in

# n_sample_fsh_length_in

# olc_fsh_in

# nind
1
# indname
BogoslofAcousticTrawl
# nyrs_ind
 21
# yrs_ind_in
 1988 1989 1991 1992 1993 1994 1995 1996 1997 1998 1999 2000 2001 2002 2003 2005 2006 2007 2009 2012 2014
# mo_ind
 2.5
# obs_ind_in
 2.39574e+06 2.12585e+06 1.28901e+06 940197 635403 490078 1.10412e+06 682276 392403 492397 475312 301390 232170 225712 197851 253459 240059 291580 110191 67063.4 112070
# obs_se_ind_in
 598934 531463 322252 235049 158851 122520 276030 170569 98100.8 123099 118828 75347.5 58042.5 56428 49462.8 63364.8 60014.6 72895.1 27547.7 16765.8 28017.6
# nyrs_ind_age
 20
# nyrs_ind_length
 0
# yrs_ind_age_in
 1988 1989 1991 1992 1993 1994 1995 1996 1997 1998 1999 2000 2001 2002 2003 2005 2006 2007 2009 2012
# yrs_ind_length_in

# yrs_ind_age_in
 1988 1989 1991 1992 1993 1994 1995 1996 1997 1998 1999 2000 2001 2002 2003 2005 2006 2007 2009 2012
# n_sample_ind_length_in

# olc_ind_in

# oac_ind_in
 0 2.79383e+07 3.26712e+08 2.46838e+08 1.63683e+08 3.50071e+08 1.20088e+09 2.87822e+08 2.87330e+08 2.01947e+08 8.92424e+07 5.38857e+07
 6e+06 1.5e+07 5.8e+07 3.63e+08 1.47e+08 1.94e+08 9.1e+07 1.105e+09 2.22e+08 2.23e+08 8.2e+07 1.8e+08
 2e+06 1.2e+07 4.6e+07 2.13e+08 9.3e+07 1.6e+08 4.4e+07 9.2e+07 6e+07 3.73e+08 1.19e+08 2.02e+08
 2e+06 2.7e+07 5.4e+07 9.7e+07 7.4e+07 7.1e+07 5.5e+07 5.7e+07 3.3e+07 3.4e+07 1.42e+08 3.27e+08
 3.3e+07 1.7e+07 4.4e+07 4.6e+07 4.8e+07 4.2e+07 2.8e+07 5.1e+07 2.5e+07 2.7e+07 4.2e+07 2.09e+08
 2.1e+07 8.6e+07 2.6e+07 3.8e+07 3.6e+07 3.6e+07 1.7e+07 2.7e+07 2.3e+07 1.3e+07 9e+06 1.46e+08
 6e+06 7.5e+07 2.78e+08 1.05e+08 6.8e+07 8e+07 5.3e+07 5.4e+07 1.9e+07 5.9e+07 3.2e+07 2.48e+08
 500000 6e+06 9.6e+07 1.87e+08 8.5e+07 4e+07 3.7e+07 2.4e+07 2.4e+07 1.2e+07 3.6e+07 1.17e+08
 500000 4e+06 1.6e+07 5.5e+07 8.8e+07 3.8e+07 2.8e+07 1.6e+07 1.6e+07 1.3e+07 7e+06 5.7e+07
 500000 1.1e+07 6.1e+07 3.4e+07 7e+07 7.7e+07 3.2e+07 2.5e+07 2.1e+07 1.9e+07 1.8e+07 6.7e+07
 2e+06 5e+06 2.9e+07 7.7e+07 3.4e+07 5e+07 7.5e+07 2.9e+07 2.7e+07 2.5e+07 1.6e+07 4.8e+07
 1e+06 6e+06 4e+06 1.4e+07 3e+07 1.6e+07 2.8e+07 4.5e+07 2.1e+07 1.6e+07 1.1e+07 3.6e+07
 1e+06 1.4e+07 1.2e+07 1e+07 1e+07 1.4e+07 1.2e+07 1.8e+07 3.1e+07 1.3e+07 7e+06 2.7e+07
 5e+06 3e+06 4.1e+07 1.1e+07 8e+06 6e+06 7e+06 8e+06 1.4e+07 3e+07 9e+06 2.9e+07
 8e+06 6e+06 7e+06 2.5e+07 1.1e+07 4e+06 5e+06 4e+06 1e+07 8e+06 2.6e+07 2.1e+07
 5e+06 8.1e+07 3.1e+07 1.3e+07 1.1e+07 2.2e+07 7e+06 3e+06 5e+06 4e+06 5e+06 3.7e+07
 4e+06 5.5e+07 1.04e+08 1.8e+07 6e+06 6e+06 9e+06 3e+06 2e+06 4e+06 5e+06 2.5e+07
 1e+06 8e+06 9.2e+07 7e+07 1.7e+07 3e+06 3e+06 8e+06 4e+06 1e+06 5e+06 2.4e+07
 0 1e+06 1e+06 7e+06 2.3e+07 2.6e+07 8e+06 1e+06 1e+06 1e+06 444444 4.77778e+06
 142957 1.37675e+06 1.49638e+07 9.65137e+06 2.23994e+06 886576 2.36015e+06 6.74369e+06 7.84999e+06 1.11812e+06 202984 1.05651e+06
# wt_ind
 0.45 0.5 0.722 0.84 0.942 1.029 1.102 1.163 1.212 1.253 1.286 1.312
 0.45 0.5 0.722 0.84 0.942 1.029 1.102 1.163 1.212 1.253 1.286 1.312
 0.45 0.5 0.722 0.84 0.942 1.029 1.102 1.163 1.212 1.253 1.286 1.312
 0.45 0.5 0.722 0.84 0.942 1.029 1.102 1.163 1.212 1.253 1.286 1.312
 0.45 0.5 0.722 0.84 0.942 1.029 1.102 1.163 1.212 1.253 1.286 1.312
 0.45 0.5 0.722 0.84 0.942 1.029 1.102 1.163 1.212 1.253 1.286 1.312
 0.45 0.5 0.722 0.84 0.942 1.029 1.102 1.163 1.212 1.253 1.286 1.312
 0.45 0.5 0.722 0.84 0.942 1.029 1.102 1.163 1.212 1.253 1.286 1.312
 0.45 0.5 0.722 0.84 0.942 1.029 1.102 1.163 1.212 1.253 1.286 1.312
 0.45 0.5 0.722 0.84 0.942 1.029 1.102 1.163 1.212 1.253 1.286 1.312
 0.45 0.5 0.722 0.84 0.942 1.029 1.102 1.163 1.212 1.253 1.286 1.312
 0.45 0.5 0.722 0.84 0.942 1.029 1.102 1.163 1.212 1.253 1.286 1.312
 0.45 0.5 0.722 0.84 0.942 1.029 1.102 1.163 1.212 1.253 1.286 1.312
 0.45 0.5 0.722 0.84 0.942 1.029 1.102 1.163 1.212 1.253 1.286 1.312
 0.45 0.5 0.722407 0.836707 0.87668 0.996497 1.10912 1.12739 1.1944 1.20699 1.25642 1.24409
 0.45 0.5 0.660029 0.744829 0.898259 0.959954 1.15123 1.17375 1.2029 1.13159 1.1836 1.30405
 0.45 0.5 0.769953 0.933743 1.07803 1.18733 1.2377 1.38545 1.51185 1.63205 1.58708 1.46486
 0.45 0.5 0.731296 0.709123 0.99488 1.28663 1.22798 1.19731 1.32864 1.30835 1.28183 1.2817
 0.45 0.5 0.840614 0.853787 0.999632 1.23539 1.31412 1.37485 1.48812 1.4019 1.33603 1.49066
 0.45 0.5 0.817096 0.964446 0.965918 1.05853 1.1423 1.37122 1.45197 1.48667 1.67874 1.45952
 0.45 0.5 0.746707 0.892025 1.07131 1.08488 1.23537 1.33338 1.42188 1.57066 1.45145 1.41865
 0.45 0.5 0.644729 0.773635 1.04437 1.1913 1.26081 1.31704 1.35019 1.49619 1.51661 1.62967
 0.45 0.5 0.736177 0.876702 1.0272 1.11157 1.21282 1.34055 1.40801 1.51784 1.54893 1.50261
 0.45 0.5 0.741001 0.842777 0.995141 1.12356 1.21016 1.29122 1.37311 1.41691 1.42674 1.42176
 0.45 0.5 0.743067 0.843452 1.0083 1.13768 1.22139 1.30942 1.39296 1.44024 1.44567 1.4415
 0.45 0.5 0.752293 0.85441 1.02053 1.15743 1.22918 1.32449 1.41408 1.47453 1.47479 1.45677
 0.45 0.5 0.750331 0.845595 1.01414 1.15411 1.22824 1.31772 1.40322 1.45703 1.46231 1.45587
 0.45 0.5 0.752446 0.860759 1.01628 1.13938 1.22827 1.3311 1.4115 1.47355 1.48236 1.47522
 0.45 0.5 0.74265 0.861534 1.01813 1.12872 1.21873 1.32624 1.40299 1.48151 1.49862 1.47351
 0.45 0.5 0.74265 0.861534 1.01813 1.12872 1.21873 1.32624 1.40299 1.48151 1.49862 1.47351
 0.45 0.5 0.74265 0.861534 1.01813 1.12872 1.21873 1.32624 1.40299 1.48151 1.49862 1.47351
 0.45 0.5 0.74265 0.861534 1.01813 1.12872 1.21873 1.32624 1.40299 1.48151 1.49862 1.47351
 0.45 0.5 0.74265 0.861534 1.01813 1.12872 1.21873 1.32624 1.40299 1.48151 1.49862 1.47351
 0.45 0.5 0.74265 0.861534 1.01813 1.12872 1.21873 1.32624 1.40299 1.48151 1.49862 1.47351
 0.45 0.5 0.74265 0.861534 1.01813 1.12872 1.21873 1.32624 1.40299 1.48151 1.49862 1.47351
 0.45 0.5 0.74265 0.861534 1.01813 1.12872 1.21873 1.32624 1.40299 1.48151 1.49862 1.47351
 0.45 0.5 0.74265 0.861534 1.01813 1.12872 1.21873 1.32624 1.40299 1.48151 1.49862 1.47351
 0.45 0.5 0.74265 0.861534 1.01813 1.12872 1.21873 1.32624 1.40299 1.48151 1.49862 1.47351
# wt_pop
 0.45 0.5 0.74 0.86 1.02 1.13 1.22 1.33 1.4 1.48 1.5 1.47
# maturity
 0.3 0.8 0.901 0.947 0.963 0.97 1 1 1 1 1 1
# age_err
 1 0 0 0 0 0 0 0 0 0 0 0
 0 1 0 0 0 0 0 0 0 0 0 0
 0 2.42e-17 1 0 0 0 0 0 0 0 0 0
 0 1.26e-36 1.36e-05 0.999973 1.36e-05 0 0 0 0 0 0 0
 0 9.72e-45 2.42e-17 0.0025801 0.995 0.0025801 0 0 0 0 0 0
 0 4.11e-49 4.89e-26 1.56e-10 0.018 0.964063 0.0179683 1.56e-10 0 0 0 0
 0 7.73e-52 3.67e-32 2.42e-17 2.4e-07 0.046662 0.906676 0.0467 2.4e-07 0 0 0
 0 1.07e-53 1.26e-36 6.28e-23 1.35e-12 1.36e-05 0.0809784 0.838 0.081 1.36e-05 1.35e-12 1.35e-12
 0 4.79e-55 5.34e-40 1.96e-27 2.42e-17 1.03e-09 0.000161596 0.11517 0.769 0.115 0.000162 0.000162
 0 4.54e-56 1.25e-42 4.29e-31 1.87e-21 1.05e-13 7.85e-08 0.000826201 0.146304 0.706 0.147 0.147
 0 7.16e-57 9.72e-45 4.15e-34 5.61e-25 2.42e-17 3.38e-11 1.57e-06 0.00257853 0.173014 0.824406 0.824406
 0 7.16e-57 9.72e-45 4.15e-34 5.61e-25 2.42e-17 3.38e-11 1.57e-06 0.00257853 0.173014 0.824406 0.824406
# cntrlfile_name
mod1.1.ctl
# Map shared selectivity: 
# sel_map
 1 2
 1 1
# datafile_name
bog2014.dat
# model_name
Model_1.1
# SrType
2
# use_age_err
0
# retro
0
# sigmarprior
0.9
# cvsigmarprior
15
# phase_sigmar
4
# styr_rec_est
1980
# endyr_rec_est
2012
# Linfprior
74.4
# cvLinfprior
0.1
# kprior
0.16
# cvkprior
0.1
# Loprior
18
# cvLoprior
0.1
# sdageprior
0.09
# cvsdageprior
0.1
# natmortprior
0.2
# cvnatmortprior
4
# phase_M
5
# npars_Mage
0
# ages_M_changes

# Mage_in

# Mage_offset_in

# phase_rw_M
0
# npars_rw_M
-4
# yrs_rw_M

# sigma_rw_M

# qprior
 1
# cvqprior
 0.2
# phase_q
 -4
# phase_rw_q
 -1
# npars_rw_q
 0
# yrs_rw_q

# sigma_rw_q

# q_age_min
 6
# q_age_max
 15
# q_age_min
 3
# q_age_max
 12
# fsh_sel_opt(k)
1
# nselages_in_fsh(k)
8
# phase_sel_fsh(k)
4
# curv_pen_fsh(k)
0.946
# seldec_pen_fsh(k)
106.09
# n_sel_ch_fsh(k)
1
# yrs_sel_ch_fsh(k)
 1977 0 0 0 0 0 0 0 0 0 0 0 0 0 0 0 0 0 0 0 0 0 0 0 0 0 0 0 0 0 0 0 0 0 0 0 0
# sel_sigma_fsh(k)
 0 0 0 0 0 0 0 0 0 0 0 0 0 0 0 0 0 0 0 0 0 0 0 0 0 0 0 0 0 0 0 0 0 0 0 0 0

Survey BogoslofAcousticTrawl
# ind_sel_opt(k)
1
# indname(k)
BogoslofAcousticTrawl
# nselages_in_ind(k)
7
# phase_sel_ind(k)
3
# seldec_pen_ind(k)
0.16
# n_sel_ch_ind(k)
1
# sel_change_in_ind(k)
 1 0 0 0 0 0 0 0 0 0 0 0 0 0 0 0 0 0 0 0 0 0 0 0 0 0 0 0 0 0 0 0 0 0 0 0 0 0
# n_sel_ch_ind(k)
1
# yrs_sel_ch_ind(k)
 1977 0 0 0 0 0 0 0 0 0 0 0 0 0 0 0 0 0 0 0 0 0 0 0 0 0 0 0 0 0 0 0 0 0 0 0 0
# sel_ind_tmp
 0.2 0.4 0.7 1 1 1 1 1 1 1 1 1
BogoslofAcousticTrawl ind sel opt 1  1 0 0 0 0 0 0 0 0 0 0 0 0 0 0 0 0 0 0 0 0 0 0 0 0 0 0 0 0 0 0 0 0 0 0 0 0 0
Phase indices Sel_Coffs:  3
 Test: 1.23457e+08
# Fshry Selages:  8
# Srvy  Selages:  7
# Phase for age-spec fishery  4
# Phase for logistic fishery  -1
# Phase for dble logistic fishery  -1
# Phase for age-spec indices   3
# Phase for logistic indices   -2
# Phase for dble logistic ind  -1
# Curv_pen_fsh: 
 0.558712
# Curv_pen_ind: 
 0.558712
# styr_fut
2015
# endyr_fut
2024
# nyrs_fsh_age
 1
# nyrs_fsh_age
 1
# yrs_fsh_age
 1988
# n_sample_fsh_age
 10
# oac_fsh
 100 100 327 247 164 350 1201 288 287 202 89 54
# olc_fsh

# wt_fsh
 0.45 0.55 0.722 0.84 0.942 1.029 1.102 1.163 1.212 1.253 1.286 1.312
 0.45 0.55 0.722 0.84 0.942 1.029 1.102 1.163 1.212 1.253 1.286 1.312
 0.45 0.55 0.722 0.84 0.942 1.029 1.102 1.163 1.212 1.253 1.286 1.312
 0.45 0.55 0.722 0.84 0.942 1.029 1.102 1.163 1.212 1.253 1.286 1.312
 0.45 0.55 0.722 0.84 0.942 1.029 1.102 1.163 1.212 1.253 1.286 1.312
 0.45 0.55 0.722 0.84 0.942 1.029 1.102 1.163 1.212 1.253 1.286 1.312
 0.45 0.55 0.722 0.84 0.942 1.029 1.102 1.163 1.212 1.253 1.286 1.312
 0.45 0.55 0.722 0.84 0.942 1.029 1.102 1.163 1.212 1.253 1.286 1.312
 0.45 0.55 0.722 0.84 0.942 1.029 1.102 1.163 1.212 1.253 1.286 1.312
 0.45 0.55 0.722 0.84 0.942 1.029 1.102 1.163 1.212 1.253 1.286 1.312
 0.45 0.55 0.722 0.84 0.942 1.029 1.102 1.163 1.212 1.253 1.286 1.312
 0.45 0.55 0.722 0.84 0.942 1.029 1.102 1.163 1.212 1.253 1.286 1.312
 0.45 0.55 0.722 0.84 0.942 1.029 1.102 1.163 1.212 1.253 1.286 1.312
 0.45 0.55 0.722 0.84 0.942 1.029 1.102 1.163 1.212 1.253 1.286 1.312
 0.45 0.55 0.722407 0.836707 0.87668 0.996497 1.10912 1.12739 1.1944 1.20699 1.25642 1.24409
 0.45 0.55 0.660029 0.744829 0.898259 0.959954 1.15123 1.17375 1.2029 1.13159 1.1836 1.30405
 0.45 0.55 0.769953 0.933743 1.07803 1.18733 1.2377 1.38545 1.51185 1.63205 1.58708 1.46486
 0.45 0.55 0.731296 0.709123 0.99488 1.28663 1.22798 1.19731 1.32864 1.30835 1.28183 1.2817
 0.45 0.55 0.840614 0.853787 0.999632 1.23539 1.31412 1.37485 1.48812 1.4019 1.33603 1.49066
 0.45 0.55 0.817096 0.964446 0.965918 1.05853 1.1423 1.37122 1.45197 1.48667 1.67874 1.45952
 0.45 0.55 0.746707 0.892025 1.07131 1.08488 1.23537 1.33338 1.42188 1.57066 1.45145 1.41865
 0.45 0.55 0.644729 0.773635 1.04437 1.1913 1.26081 1.31704 1.35019 1.49619 1.51661 1.62967
 0.45 0.55 0.736177 0.876702 1.0272 1.11157 1.21282 1.34055 1.40801 1.51784 1.54893 1.50261
 0.45 0.55 0.741001 0.842777 0.995141 1.12356 1.21016 1.29122 1.37311 1.41691 1.42674 1.42176
 0.45 0.55 0.743067 0.843452 1.0083 1.13768 1.22139 1.30942 1.39296 1.44024 1.44567 1.4415
 0.45 0.55 0.752293 0.85441 1.02053 1.15743 1.22918 1.32449 1.41408 1.47453 1.47479 1.45677
 0.45 0.55 0.750331 0.845595 1.01414 1.15411 1.22824 1.31772 1.40322 1.45703 1.46231 1.45587
 0.45 0.55 0.752446 0.860759 1.01628 1.13938 1.22827 1.3311 1.4115 1.47355 1.48236 1.47522
 0.45 0.55 0.74265 0.861534 1.01813 1.12872 1.21873 1.32624 1.40299 1.48151 1.49862 1.47351
 0.45 0.55 0.74265 0.861534 1.01813 1.12872 1.21873 1.32624 1.40299 1.48151 1.49862 1.47351
 0.45 0.55 0.74265 0.861534 1.01813 1.12872 1.21873 1.32624 1.40299 1.48151 1.49862 1.47351
 0.45 0.55 0.74265 0.861534 1.01813 1.12872 1.21873 1.32624 1.40299 1.48151 1.49862 1.47351
 0.45 0.55 0.74265 0.861534 1.01813 1.12872 1.21873 1.32624 1.40299 1.48151 1.49862 1.47351
 0.45 0.55 0.74265 0.861534 1.01813 1.12872 1.21873 1.32624 1.40299 1.48151 1.49862 1.47351
 0.45 0.55 0.74265 0.861534 1.01813 1.12872 1.21873 1.32624 1.40299 1.48151 1.49862 1.47351
 0.45 0.55 0.74265 0.861534 1.01813 1.12872 1.21873 1.32624 1.40299 1.48151 1.49862 1.47351
 0.45 0.55 0.74265 0.861534 1.01813 1.12872 1.21873 1.32624 1.40299 1.48151 1.49862 1.47351
 0.45 0.55 0.74265 0.861534 1.01813 1.12872 1.21873 1.32624 1.40299 1.48151 1.49862 1.47351
# nyrs_ind_age
 20
# yrs_ind_age
 1988 1989 1991 1992 1993 1994 1995 1996 1997 1998 1999 2000 2001 2002 2003 2005 2006 2007 2009 2012
# n_sample_ind_age
 50 50 50 50 50 50 50 50 50 50 50 50 50 50 50 50 50 50 50 50
# oac_ind
 0 2.79383e+07 3.26712e+08 2.46838e+08 1.63683e+08 3.50071e+08 1.20088e+09 2.87822e+08 2.87330e+08 2.01947e+08 8.92424e+07 5.38857e+07
 6e+06 1.5e+07 5.8e+07 3.63e+08 1.47e+08 1.94e+08 9.1e+07 1.105e+09 2.22e+08 2.23e+08 8.2e+07 1.8e+08
 2e+06 1.2e+07 4.6e+07 2.13e+08 9.3e+07 1.6e+08 4.4e+07 9.2e+07 6e+07 3.73e+08 1.19e+08 2.02e+08
 2e+06 2.7e+07 5.4e+07 9.7e+07 7.4e+07 7.1e+07 5.5e+07 5.7e+07 3.3e+07 3.4e+07 1.42e+08 3.27e+08
 3.3e+07 1.7e+07 4.4e+07 4.6e+07 4.8e+07 4.2e+07 2.8e+07 5.1e+07 2.5e+07 2.7e+07 4.2e+07 2.09e+08
 2.1e+07 8.6e+07 2.6e+07 3.8e+07 3.6e+07 3.6e+07 1.7e+07 2.7e+07 2.3e+07 1.3e+07 9e+06 1.46e+08
 6e+06 7.5e+07 2.78e+08 1.05e+08 6.8e+07 8e+07 5.3e+07 5.4e+07 1.9e+07 5.9e+07 3.2e+07 2.48e+08
 500000 6e+06 9.6e+07 1.87e+08 8.5e+07 4e+07 3.7e+07 2.4e+07 2.4e+07 1.2e+07 3.6e+07 1.17e+08
 500000 4e+06 1.6e+07 5.5e+07 8.8e+07 3.8e+07 2.8e+07 1.6e+07 1.6e+07 1.3e+07 7e+06 5.7e+07
 500000 1.1e+07 6.1e+07 3.4e+07 7e+07 7.7e+07 3.2e+07 2.5e+07 2.1e+07 1.9e+07 1.8e+07 6.7e+07
 2e+06 5e+06 2.9e+07 7.7e+07 3.4e+07 5e+07 7.5e+07 2.9e+07 2.7e+07 2.5e+07 1.6e+07 4.8e+07
 1e+06 6e+06 4e+06 1.4e+07 3e+07 1.6e+07 2.8e+07 4.5e+07 2.1e+07 1.6e+07 1.1e+07 3.6e+07
 1e+06 1.4e+07 1.2e+07 1e+07 1e+07 1.4e+07 1.2e+07 1.8e+07 3.1e+07 1.3e+07 7e+06 2.7e+07
 5e+06 3e+06 4.1e+07 1.1e+07 8e+06 6e+06 7e+06 8e+06 1.4e+07 3e+07 9e+06 2.9e+07
 8e+06 6e+06 7e+06 2.5e+07 1.1e+07 4e+06 5e+06 4e+06 1e+07 8e+06 2.6e+07 2.1e+07
 5e+06 8.1e+07 3.1e+07 1.3e+07 1.1e+07 2.2e+07 7e+06 3e+06 5e+06 4e+06 5e+06 3.7e+07
 4e+06 5.5e+07 1.04e+08 1.8e+07 6e+06 6e+06 9e+06 3e+06 2e+06 4e+06 5e+06 2.5e+07
 1e+06 8e+06 9.2e+07 7e+07 1.7e+07 3e+06 3e+06 8e+06 4e+06 1e+06 5e+06 2.4e+07
 0 1e+06 1e+06 7e+06 2.3e+07 2.6e+07 8e+06 1e+06 1e+06 1e+06 444444 4.77778e+06
 142957 1.37675e+06 1.49638e+07 9.65137e+06 2.23994e+06 886576 2.36015e+06 6.74369e+06 7.84999e+06 1.11812e+06 202984 1.05651e+06
# olc_ind

# obs_lse_ind
 0.246221 0.246221 0.246221 0.246221 0.246221 0.246221 0.246221 0.246221 0.246221 0.246221 0.246221 0.246221 0.246221 0.246221 0.246221 0.246221 0.246221 0.246221 0.246221 0.246221 0.246221
# xages_fsh
 0 0 0 0 0 0 0 0 0 0 0 0
# xages_fsh
 0 0.0909091 0.181818 0.272727 0.363636 0.454545 0.545455 0.636364 0.727273 0.818182 0.909091 1
# xnodes_fsh

Yrs fsh_sel change:  1977 0 0 0 0 0 0 0 0 0 0 0 0 0 0 0 0 0 0 0 0 0 0 0 0 0 0 0 0 0 0 0 0 0 0 0 0
Yrs ind_sel change:  1977 0 0 0 0 0 0 0 0 0 0 0 0 0 0 0 0 0 0 0 0 0 0 0 0 0 0 0 0 0 0 0 0 0 0 0 0
# steepnessprior
0.9
# sigmarprior
0.9
#  SSB estimated in styr endyr: 1961 2009 
#  Rec estimated in styr endyr: 1966 2014 
#  SR Curve fit  in styr endyr: 1980 2012 
#             Model styr endyr: 1977 2014 
# qprior
 1
# q_power_prior 
 1 
# cv_catchbiomass 
0.05 
# CatchbiomassPen 
200 
# Number of projection years 
10 
# offset_fsh
 21.3651
# offset_ind
 2089.68
Mean Catch
30378.9
R_guess 
12.9924
# nfsh
1
# n_sel_ch_fsh
 1
# nselages_fsh
 8
# phase_selcoff_fsh
 4
logRzero 12.9924
logmeanrec 12.9924
exp(log_sigmarprior 0.9
Fish sel phase: 4 Bogoslof_Pollock
Srvy sel phase: 3
Fixing index sel to
1
# logsel_slp_in_indv
 0
Leaving parameter init secton
# M
 0.2 0.2 0.2 0.2 0.2 0.2 0.2 0.2 0.2 0.2 0.2 0.2
 0.2 0.2 0.2 0.2 0.2 0.2 0.2 0.2 0.2 0.2 0.2 0.2
 0.2 0.2 0.2 0.2 0.2 0.2 0.2 0.2 0.2 0.2 0.2 0.2
 0.2 0.2 0.2 0.2 0.2 0.2 0.2 0.2 0.2 0.2 0.2 0.2
 0.2 0.2 0.2 0.2 0.2 0.2 0.2 0.2 0.2 0.2 0.2 0.2
 0.2 0.2 0.2 0.2 0.2 0.2 0.2 0.2 0.2 0.2 0.2 0.2
 0.2 0.2 0.2 0.2 0.2 0.2 0.2 0.2 0.2 0.2 0.2 0.2
 0.2 0.2 0.2 0.2 0.2 0.2 0.2 0.2 0.2 0.2 0.2 0.2
 0.2 0.2 0.2 0.2 0.2 0.2 0.2 0.2 0.2 0.2 0.2 0.2
 0.2 0.2 0.2 0.2 0.2 0.2 0.2 0.2 0.2 0.2 0.2 0.2
 0.2 0.2 0.2 0.2 0.2 0.2 0.2 0.2 0.2 0.2 0.2 0.2
 0.2 0.2 0.2 0.2 0.2 0.2 0.2 0.2 0.2 0.2 0.2 0.2
 0.2 0.2 0.2 0.2 0.2 0.2 0.2 0.2 0.2 0.2 0.2 0.2
 0.2 0.2 0.2 0.2 0.2 0.2 0.2 0.2 0.2 0.2 0.2 0.2
 0.2 0.2 0.2 0.2 0.2 0.2 0.2 0.2 0.2 0.2 0.2 0.2
 0.2 0.2 0.2 0.2 0.2 0.2 0.2 0.2 0.2 0.2 0.2 0.2
 0.2 0.2 0.2 0.2 0.2 0.2 0.2 0.2 0.2 0.2 0.2 0.2
 0.2 0.2 0.2 0.2 0.2 0.2 0.2 0.2 0.2 0.2 0.2 0.2
 0.2 0.2 0.2 0.2 0.2 0.2 0.2 0.2 0.2 0.2 0.2 0.2
 0.2 0.2 0.2 0.2 0.2 0.2 0.2 0.2 0.2 0.2 0.2 0.2
 0.2 0.2 0.2 0.2 0.2 0.2 0.2 0.2 0.2 0.2 0.2 0.2
 0.2 0.2 0.2 0.2 0.2 0.2 0.2 0.2 0.2 0.2 0.2 0.2
 0.2 0.2 0.2 0.2 0.2 0.2 0.2 0.2 0.2 0.2 0.2 0.2
 0.2 0.2 0.2 0.2 0.2 0.2 0.2 0.2 0.2 0.2 0.2 0.2
 0.2 0.2 0.2 0.2 0.2 0.2 0.2 0.2 0.2 0.2 0.2 0.2
 0.2 0.2 0.2 0.2 0.2 0.2 0.2 0.2 0.2 0.2 0.2 0.2
 0.2 0.2 0.2 0.2 0.2 0.2 0.2 0.2 0.2 0.2 0.2 0.2
 0.2 0.2 0.2 0.2 0.2 0.2 0.2 0.2 0.2 0.2 0.2 0.2
 0.2 0.2 0.2 0.2 0.2 0.2 0.2 0.2 0.2 0.2 0.2 0.2
 0.2 0.2 0.2 0.2 0.2 0.2 0.2 0.2 0.2 0.2 0.2 0.2
 0.2 0.2 0.2 0.2 0.2 0.2 0.2 0.2 0.2 0.2 0.2 0.2
 0.2 0.2 0.2 0.2 0.2 0.2 0.2 0.2 0.2 0.2 0.2 0.2
 0.2 0.2 0.2 0.2 0.2 0.2 0.2 0.2 0.2 0.2 0.2 0.2
 0.2 0.2 0.2 0.2 0.2 0.2 0.2 0.2 0.2 0.2 0.2 0.2
 0.2 0.2 0.2 0.2 0.2 0.2 0.2 0.2 0.2 0.2 0.2 0.2
 0.2 0.2 0.2 0.2 0.2 0.2 0.2 0.2 0.2 0.2 0.2 0.2
 0.2 0.2 0.2 0.2 0.2 0.2 0.2 0.2 0.2 0.2 0.2 0.2
 0.2 0.2 0.2 0.2 0.2 0.2 0.2 0.2 0.2 0.2 0.2 0.2
# Mest
0.302079
# mean_log_rec
12.2577
# log_Rzero
12.1662
# rec_dev
 0.0126977 0.0172468 0.0233129 0.0314496 0.0423408 0.0571046 0.0773562 0.104515 0.142282 0.194536 0.264799 0.392626 2.34097 2.42576 1.77793 2.09224 3.26497 1.23662 0.884207 0.745706 1.24273 0.323748 0.430433 0.147778 0.00538976 -0.0838971 -0.131803 0.739908 -0.0100599 -0.77692 -0.621731 -1.19836 -1.58923 -1.30698 -0.634411 -1.51711 -1.39148 -0.743934 0.447778 0.207606 -1.09239 -1.62618 -1.34046 -0.727258 -0.309876 -0.996771 -0.637709 -0.223416 -0.0673407
# log_sigmar
-0.00538843
# fmort
 0.0207395 0.0101987 0.0115356 0.00763295 0.0101697 0.00424747 0.00566972 0.00583704 0.00356518 0.00939485 0.117974 0.0418768 0.0225224 0.116582 0.359102 0.000397502 0.0012731 0.000919011 0.000539196 0.000845148 0.000298359 1.57041e-05 7.13489e-05 8.7657e-05 0.000901161 0.00414713 0.000103627 1.84003e-06 1.63737e-06 1.61948e-06 1.54496e-06 2.65131e-05 0.00020901 0.000548789 0.000646679 0.000308585 0.000207786 0.00142099
# rec_dev_future
 0 0 0 0 0 0 0 0 0 0
