AMAK;Mar 2020
# styr
1977
# endyr
2020
# rec_age
1
# oldest_age
11
# nlength
41
# len_bins
 10 11 12 13 14 15 16 17 18 19 20 21 22 23 24 25 26 27 28 29 30 31 32 33 34 35 36 37 38 39 40 41 42 43 44 45 46 47 48 49 50
# datafile_name
../am2020.dat
# model_name
Model_16.0b
# styr
1977
# endyr
2020
# rec_age
1
# oldest_age
11
# nfsh
1
# fshname
Atka_mackerel
# catch_bio_in
 21763 24249 23264 20488 19688 19874 11726 36055 37860 31990 30061 22084 17994 22206 26626 48532 66006 65360 81554 103942 65842 57097 56237 47230 61563 45288 54045 60562 62012 61895 58747 58082 72807 68647 51810 47825 23181 30947.2 53270 52511 64451 70394 57206 59305
# catch_bio_sd_in
 0.05 0.05 0.05 0.05 0.05 0.05 0.05 0.05 0.05 0.05 0.05 0.05 0.05 0.05 0.05 0.05 0.05 0.05 0.05 0.05 0.05 0.05 0.05 0.05 0.05 0.05 0.05 0.05 0.05 0.05 0.05 0.05 0.05 0.05 0.05 0.05 0.05 0.05 0.05 0.05 0.05 0.05 0.05 0.05
# nyrs_fsh_age
 42
# nyrs_fsh_length
 0
# yrs_fsh_age_in
 1977 1978 1979 1980 1981 1982 1983 1984 1985 1986 1987 1988 1990 1991 1992 1993 1994 1995 1996 1997 1998 1999 2000 2001 2002 2003 2004 2005 2006 2007 2008 2009 2010 2011 2012 2013 2014 2015 2016 2017 2018 2019
# yrs_fsh_length_in

# n_sample_fsh_length_in

# olc_fsh_in

# nind
1
# indname
NMFS_Bottom_trawl
# nyrs_ind
 12
# yrs_ind_in
 1991 1994 1997 2000 2002 2004 2006 2010 2012 2014 2016 2018
# mo_ind
 7.5
# obs_ind_in
 708299 686007 461997 512897 836195 1.15708e+06 741358 930252 276876 723928 448166 355213
# obs_se_ind_in
 102325 222341 141625 144792 168058 191173 205556 328887 50014 175996 138454 108171
# nyrs_ind_age
 12
# nyrs_ind_length
 0
# yrs_ind_age_in
 1991 1994 1997 2000 2002 2004 2006 2010 2012 2014 2016 2018
# yrs_ind_length_in

# yrs_ind_age_in
 1991 1994 1997 2000 2002 2004 2006 2010 2012 2014 2016 2018
# n_sample_ind_length_in

# olc_ind_in

# oac_ind_in
 0 0.048 0.561 0.091 0.173 0.054 0.058 0.01 0.004 0 0
 0 0.014 0.188 0.13 0.21 0.246 0.058 0.077 0.025 0.043 0.007
 0 0.102 0.222 0.179 0.231 0.071 0.036 0.049 0.067 0.01 0.021
 0 0.288 0.082 0.027 0.242 0.073 0.076 0.127 0.04 0.02 0.025
 2.65e-05 0.0426814 0.515223 0.293185 0.0525018 0.0177073 0.0430787 0.0197463 0.00798731 0.00701701 0.000846005
 0 0.0311422 0.33786 0.271787 0.260949 0.0560215 0.0134934 0.00766391 0.00894729 0.00496571 0.00712604
 0 0.138872 0.13304 0.0528748 0.160416 0.167475 0.242822 0.0783051 0.00995856 0.000228519 0.0160083
 0 0.0329789 0.281854 0.292636 0.0599991 0.0634984 0.0286586 0.0369071 0.0721575 0.0495205 0.0817894
 0 0.127098 0.201439 0.0815348 0.196643 0.134293 0.0407674 0.0407674 0.0359712 0.0167866 0.1247
 0 0.101235 0.14325 0.138422 0.120001 0.0805407 0.158652 0.138136 0.0406204 0.0210597 0.0580838
 0 0.0427852 0.283497 0.30533 0.082027 0.0644898 0.0637689 0.0340909 0.0489912 0.0533041 0.0217165
 0 0.0499579 0.160182 0.0361941 0.171469 0.224442 0.115628 0.0609904 0.0908913 0.0269665 0.0632787
# wt_ind
 44.8 244.461 342.525 447.213 547.193 608.739 632.455 724.282 883.464 880.913 1067.05
 44.8 244.461 342.525 447.213 547.193 608.739 632.455 724.282 883.464 880.913 1067.05
 44.8 244.461 342.525 447.213 547.193 608.739 632.455 724.282 883.464 880.913 1067.05
 44.8 244.461 342.525 447.213 547.193 608.739 632.455 724.282 883.464 880.913 1067.05
 44.8 244.461 342.525 447.213 547.193 608.739 632.455 724.282 883.464 880.913 1067.05
 44.8 244.461 342.525 447.213 547.193 608.739 632.455 724.282 883.464 880.913 1067.05
 44.8 244.461 342.525 447.213 547.193 608.739 632.455 724.282 883.464 880.913 1067.05
 44.8 244.461 342.525 447.213 547.193 608.739 632.455 724.282 883.464 880.913 1067.05
 44.8 244.461 342.525 447.213 547.193 608.739 632.455 724.282 883.464 880.913 1067.05
 44.8 244.461 342.525 447.213 547.193 608.739 632.455 724.282 883.464 880.913 1067.05
 44.8 244.461 342.525 447.213 547.193 608.739 632.455 724.282 883.464 880.913 1067.05
 44.8 244.461 342.525 447.213 547.193 608.739 632.455 724.282 883.464 880.913 1067.05
 44.8 244.461 342.525 447.213 547.193 608.739 632.455 724.282 883.464 880.913 1067.05
 44.8 244.461 342.525 447.213 547.193 608.739 632.455 724.282 883.464 880.913 1067.05
 44.8 185.482 448.568 637.189 651.821 750.927 810.61 692.524 1052.52 1764 1010.87
 44.8 185.482 448.568 637.189 651.821 750.927 810.61 692.524 1052.52 1764 1040.89
 44.8 185.482 448.568 637.189 651.821 750.927 810.61 692.524 1052.52 1764 1046.62
 44.8 176.539 450.374 652.889 738.057 846.445 940.918 987.542 906.475 907.042 884.868
 44.8 176.539 450.374 652.889 738.057 846.445 940.918 987.542 906.475 907.042 884.868
 44.8 176.539 450.374 652.889 738.057 846.445 940.918 987.542 906.475 907.042 884.868
 44.8 191.247 485.814 686.39 753.233 805.376 886.919 969.641 919.289 1375.47 987.999
 44.8 191.247 485.814 686.39 753.233 805.376 886.919 969.641 919.289 1375.47 987.999
 44.8 191.247 485.814 686.39 753.233 805.376 886.919 969.641 919.289 1375.47 987.999
 44.8 129.705 387.368 623.478 698.883 730.465 789.078 810.219 792.015 863.917 1031.33
 44.8 134.423 364.708 619.373 709.6 783.595 832.965 791.679 844.534 909.218 1078.76
 44.8 139.14 342.047 615.267 720.317 836.725 876.851 773.139 897.054 954.518 1126.19
 44.8 138.644 337.592 556.376 664.679 788.038 846.541 864.633 912.713 849.965 1046.98
 44.8 138.148 333.137 497.485 609.041 739.351 816.23 956.128 928.372 745.411 967.773
 44.8 148.219 332.404 510.369 562.444 707.067 789.985 837.427 891.638 1199.21 979.178
 44.8 158.291 331.671 523.253 515.848 674.783 763.74 718.727 854.904 1653 990.584
 44.8 159.042 341.114 550.574 553.701 692.169 816.215 807.845 886.542 1499.97 1053.89
 44.8 159.794 350.556 577.894 591.554 709.555 868.689 896.963 918.179 1346.94 1117.2
 44.8 160.545 359.999 605.214 629.406 726.941 921.163 986.081 949.817 1193.91 1180.51
 44.8 161.297 369.442 632.535 667.259 744.327 973.638 1075.2 981.455 1040.88 1243.81
 44.8 161.096 364.925 574.597 646.985 724.564 868.019 947.8 922.257 924.896 1096.48
 44.8 161.297 360 517 627 705 762 820 863 809 949
 44.8 161.297 360 517 627 705 762 820 863 809 949
 44.8 161.539 465.374 523.549 662.079 709.392 855.596 951.033 919.737 807.854 1016.81
 44.8 161.539 465.374 523.549 662.079 709.392 855.596 951.033 919.737 807.854 1016.81
 45 188.832 370.39 479.986 696.269 744.293 758.719 891.589 910.332 916.591 887.002
 44.8667 170.636 433.713 509.028 673.476 721.026 823.303 931.218 916.602 844.1 973.54
 69 160.53 481.237 593.12 750.663 771.461 890.536 896.041 970.538 972.896 980.857
 69 160.53 481.237 593.12 750.663 771.461 890.536 896.041 970.538 972.896 980.857
 53 170.51 438.746 532.373 702.888 741.487 835.179 913.014 933.513 899.299 961.619
# wt_pop
 53 170.51 438.746 532.373 702.888 741.487 835.179 913.014 933.513 899.299 961.619
# maturity
 0.005 0.037 0.224 0.688 0.944 0.992 0.999 1 1 1 1
# spawnmo
8
# age_err
 1 0 0 0 0 0 0 0 0 0 0
 0 1 0 0 0 0 0 0 0 0 0
 0 2.42e-17 1 0 0 0 0 0 0 0 0
 0 1.26e-36 1.36e-05 0.999973 1.36e-05 0 0 0 0 0 0
 0 9.72e-45 2.42e-17 0.0025801 0.995 0.0025801 0 0 0 0 0
 0 4.11e-49 4.89e-26 1.56e-10 0.018 0.964063 0.0179683 1.56e-10 0 0 0
 0 7.73e-52 3.67e-32 2.42e-17 2.4e-07 0.046662 0.906676 0.0467 2.4e-07 0 0
 0 1.07e-53 1.26e-36 6.28e-23 1.35e-12 1.36e-05 0.0809784 0.838 0.081 1.36e-05 1.35e-12
 0 4.79e-55 5.34e-40 1.96e-27 2.42e-17 1.03e-09 0.000161596 0.11517 0.769 0.115 0.000162
 0 4.54e-56 1.25e-42 4.29e-31 1.87e-21 1.05e-13 7.85e-08 0.000826201 0.146304 0.706 0.147
 0 7.16e-57 9.72e-45 4.15e-34 5.61e-25 2.42e-17 3.38e-11 1.57e-06 0.00257853 0.173014 0.824406
# cntrlfile_name
amak.dat
# Map shared selectivity: 
# sel_map
 1 2
 1 1
# datafile_name
../am2020.dat
# model_name
Model_16.0b
# SrType
2
# use_age_err
1
# retro
0
# surv_dwnwt
0
# cv_inc
100
# n_comp
0.01
# sigmarprior
0.6
# cvsigmarprior
15
# phase_sigmar
4
# styr_rec_est
1977
# endyr_rec_est
2017
# Linfprior
74.4
# cvLinfprior
0.1
# kprior
0.16
# cvkprior
0.1
# Loprior
18
# cvLoprior
0.1
# sdageprior
0.09
# cvsdageprior
0.1
# natmortprior
0.3
# cvnatmortprior
0.05
# phase_M
-4
# npars_Mage
0
# ages_M_changes

# Mage_in

# Mage_offset_in

# phase_Mage
-5
# phase_rw_M
0
# npars_rw_M
-4
# yrs_rw_M

# sigma_rw_M

# qprior
 1
# cvqprior
 0.2
# phase_q
 4
# q_power_prior
 1
# cvq_power_prior
 0.2
# phase_q_power
 -4
# phase_rw_q
 -1
# npars_rw_q
 0
# yrs_rw_q

# sigma_rw_q

# q_age_min
 4
# q_age_max
 10
# q_age_min
 4
# q_age_max
 10
# fsh_sel_opt(k)
1
# nselages_in_fsh(k)
10
# phase_sel_fsh(k)
4
# curv_pen_fsh(k)
0.946
# seldec_pen_fsh(k)
106.09
# n_sel_ch_fsh(k)
43
# yrs_sel_ch_fsh(k)
 1977 1978 1979 1980 1981 1982 1983 1984 1985 1986 1987 1988 1989 1990 1991 1992 1993 1994 1995 1996 1997 1998 1999 2000 2001 2002 2003 2004 2005 2006 2007 2008 2009 2010 2011 2012 2013 2014 2015 2016 2017 2018 2019
# sel_sigma_fsh(k)
 0 0.35 0.35 0.35 0.35 0.35 0.35 0.35 0.35 0.35 0.35 0.35 0.35 0.35 0.35 0.35 0.35 0.35 0.35 0.35 0.35 0.35 0.35 0.35 0.35 0.35 0.35 0.35 0.35 0.35 0.35 0.35 0.35 0.35 0.35 0.35 0.35 0.35 0.35 0.35 0.35 0.35 0.35
Sel_in_fsh  0.0229359 0.802752 1.14679 1.14679 1.14679 1.14679 1.14679 1.14679 1.14679 1.14679 1
Sel_in_fsh  0.0229359 0.802752 1.14679 1.14679 1.14679 1.14679 1.14679 1.14679 1.14679 1.14679 1
Sel_in_fsh  0.0229359 0.802752 1.14679 1.14679 1.14679 1.14679 1.14679 1.14679 1.14679 1.14679 1
Sel_in_fsh  0.0229359 0.802752 1.14679 1.14679 1.14679 1.14679 1.14679 1.14679 1.14679 1.14679 1
Sel_in_fsh  0.0229359 0.802752 1.14679 1.14679 1.14679 1.14679 1.14679 1.14679 1.14679 1.14679 1
Sel_in_fsh  0.0229359 0.802752 1.14679 1.14679 1.14679 1.14679 1.14679 1.14679 1.14679 1.14679 1
Sel_in_fsh  0.0229359 0.802752 1.14679 1.14679 1.14679 1.14679 1.14679 1.14679 1.14679 1.14679 1
Sel_in_fsh  0.0229359 0.802752 1.14679 1.14679 1.14679 1.14679 1.14679 1.14679 1.14679 1.14679 1
Sel_in_fsh  0.0229359 0.802752 1.14679 1.14679 1.14679 1.14679 1.14679 1.14679 1.14679 1.14679 1
Sel_in_fsh  0.0229359 0.802752 1.14679 1.14679 1.14679 1.14679 1.14679 1.14679 1.14679 1.14679 1
Sel_in_fsh  0.0229359 0.802752 1.14679 1.14679 1.14679 1.14679 1.14679 1.14679 1.14679 1.14679 1
Sel_in_fsh  0.0229359 0.802752 1.14679 1.14679 1.14679 1.14679 1.14679 1.14679 1.14679 1.14679 1
Sel_in_fsh  0.0229359 0.802752 1.14679 1.14679 1.14679 1.14679 1.14679 1.14679 1.14679 1.14679 1
Sel_in_fsh  0.0229359 0.802752 1.14679 1.14679 1.14679 1.14679 1.14679 1.14679 1.14679 1.14679 1
Sel_in_fsh  0.0229359 0.802752 1.14679 1.14679 1.14679 1.14679 1.14679 1.14679 1.14679 1.14679 1
Sel_in_fsh  0.0229359 0.802752 1.14679 1.14679 1.14679 1.14679 1.14679 1.14679 1.14679 1.14679 1
Sel_in_fsh  0.0229359 0.802752 1.14679 1.14679 1.14679 1.14679 1.14679 1.14679 1.14679 1.14679 1
Sel_in_fsh  0.0229359 0.802752 1.14679 1.14679 1.14679 1.14679 1.14679 1.14679 1.14679 1.14679 1
Sel_in_fsh  0.0229359 0.802752 1.14679 1.14679 1.14679 1.14679 1.14679 1.14679 1.14679 1.14679 1
Sel_in_fsh  0.0229359 0.802752 1.14679 1.14679 1.14679 1.14679 1.14679 1.14679 1.14679 1.14679 1
Sel_in_fsh  0.0229359 0.802752 1.14679 1.14679 1.14679 1.14679 1.14679 1.14679 1.14679 1.14679 1
Sel_in_fsh  0.0229359 0.802752 1.14679 1.14679 1.14679 1.14679 1.14679 1.14679 1.14679 1.14679 1
Sel_in_fsh  0.0229359 0.802752 1.14679 1.14679 1.14679 1.14679 1.14679 1.14679 1.14679 1.14679 1
Sel_in_fsh  0.0229359 0.802752 1.14679 1.14679 1.14679 1.14679 1.14679 1.14679 1.14679 1.14679 1
Sel_in_fsh  0.0229359 0.802752 1.14679 1.14679 1.14679 1.14679 1.14679 1.14679 1.14679 1.14679 1
Sel_in_fsh  0.0229359 0.802752 1.14679 1.14679 1.14679 1.14679 1.14679 1.14679 1.14679 1.14679 1
Sel_in_fsh  0.0229359 0.802752 1.14679 1.14679 1.14679 1.14679 1.14679 1.14679 1.14679 1.14679 1
Sel_in_fsh  0.0229359 0.802752 1.14679 1.14679 1.14679 1.14679 1.14679 1.14679 1.14679 1.14679 1
Sel_in_fsh  0.0229359 0.802752 1.14679 1.14679 1.14679 1.14679 1.14679 1.14679 1.14679 1.14679 1
Sel_in_fsh  0.0229359 0.802752 1.14679 1.14679 1.14679 1.14679 1.14679 1.14679 1.14679 1.14679 1
Sel_in_fsh  0.0229359 0.802752 1.14679 1.14679 1.14679 1.14679 1.14679 1.14679 1.14679 1.14679 1
Sel_in_fsh  0.0229359 0.802752 1.14679 1.14679 1.14679 1.14679 1.14679 1.14679 1.14679 1.14679 1
Sel_in_fsh  0.0229359 0.802752 1.14679 1.14679 1.14679 1.14679 1.14679 1.14679 1.14679 1.14679 1
Sel_in_fsh  0.0229359 0.802752 1.14679 1.14679 1.14679 1.14679 1.14679 1.14679 1.14679 1.14679 1
Sel_in_fsh  0.0229359 0.802752 1.14679 1.14679 1.14679 1.14679 1.14679 1.14679 1.14679 1.14679 1
Sel_in_fsh  0.0229359 0.802752 1.14679 1.14679 1.14679 1.14679 1.14679 1.14679 1.14679 1.14679 1
Sel_in_fsh  0.0229359 0.802752 1.14679 1.14679 1.14679 1.14679 1.14679 1.14679 1.14679 1.14679 1
Sel_in_fsh  0.0229359 0.802752 1.14679 1.14679 1.14679 1.14679 1.14679 1.14679 1.14679 1.14679 1
Sel_in_fsh  0.0229359 0.802752 1.14679 1.14679 1.14679 1.14679 1.14679 1.14679 1.14679 1.14679 1
Sel_in_fsh  0.0229359 0.802752 1.14679 1.14679 1.14679 1.14679 1.14679 1.14679 1.14679 1.14679 1
Sel_in_fsh  0.0229359 0.802752 1.14679 1.14679 1.14679 1.14679 1.14679 1.14679 1.14679 1.14679 1
Sel_in_fsh  0.0229359 0.802752 1.14679 1.14679 1.14679 1.14679 1.14679 1.14679 1.14679 1.14679 1

Survey NMFS_Bottom_trawl
# ind_sel_opt(k)
1
# indname(k)
NMFS_Bottom_trawl
# nselages_in_ind(k)
10
# phase_sel_ind(k)
5
# seldec_pen_ind(k)
0.16
# n_sel_ch_ind(k)
1
# sel_change_in_ind(k)
 1 0 0 0 0 0 0 0 0 0 0 0 0 0 0 0 0 0 0 0 0 0 0 0 0 0 0 0 0 0 0 0 0 0 0 0 0 0 0 0 0 0 0 0
# n_sel_ch_ind(k)
1
# yrs_sel_ch_ind(k)
 1977 0 0 0 0 0 0 0 0 0 0 0 0 0 0 0 0 0 0 0 0 0 0 0 0 0 0 0 0 0 0 0 0 0 0 0 0 0 0 0 0 0 0
# sel_ind_tmp
 0.2 0.7 1 1 1 1 1 1 1 1 1
NMFS_Bottom_trawl ind sel opt 1  1 0 0 0 0 0 0 0 0 0 0 0 0 0 0 0 0 0 0 0 0 0 0 0 0 0 0 0 0 0 0 0 0 0 0 0 0 0 0 0 0 0 0 0
Phase indices Sel_Coffs:  5
 Test: 1.23457e+08
# Fshry Selages:  10
# Srvy  Selages:  10
# Phase for age-spec fishery  4
# Phase for logistic fishery  -1
# Phase for dble logistic fishery  -1
# Phase for age-spec indices   5
# Phase for logistic indices   -2
# Phase for dble logistic ind  -1
# Curv_pen_fsh: 
 0.558712
# Curv_pen_ind: 
 2
# styr_fut
2021
# endyr_fut
2030
# nyrs_fsh_age
 42
# nyrs_fsh_age
 42
# yrs_fsh_age
 1977 1978 1979 1980 1981 1982 1983 1984 1985 1986 1987 1988 1990 1991 1992 1993 1994 1995 1996 1997 1998 1999 2000 2001 2002 2003 2004 2005 2006 2007 2008 2009 2010 2011 2012 2013 2014 2015 2016 2017 2018 2019
# n_sample_fsh_age
 25 25 25 25 50 50 50 50 50 50 50 50 47 6 3 2 28 23 22 5 27 74 94 66 68 146 131 147 139 143 163 168 156 115 154 112 153 219 236 200 200 200
# oac_fsh
 0 0.091 0.418 0.266 0.201 0.016 0.005 0.003 0 0 0
 0 0.029 0.651 0.168 0.1 0.041 0.006 0.004 0.001 0 0
 0 0 0.094 0.563 0.273 0.046 0.023 0 0 0 0
 0 0 0.446 0.208 0.254 0.059 0.021 0.008 0.005 0 0
 0 0 0.167 0.531 0 0.05 0.252 0 0 0 0
 0 0 0.006 0.079 0.778 0.116 0.02 0 0 0 0
 0 0 0.105 0.079 0.14 0.587 0.088 0 0 0 0
 0 0.002 0.019 0.143 0.138 0.211 0.426 0.043 0.019 0 0
 0 0.011 0.268 0.148 0.158 0.101 0.092 0.196 0.021 0.005 0
 0 0.007 0.228 0.129 0.088 0.106 0.09 0.116 0.197 0.021 0.017
 0 0.014 0.269 0.196 0.118 0.049 0.061 0.056 0.044 0.174 0.02
 0 0.009 0.223 0.504 0.138 0.04 0.034 0.014 0.022 0.005 0.011
 0 1742.93 7616.13 13149.3 4777.73 1773.29 808.117 113.138 89.0833 29.1544 174.69
 0 0 4145.14 6491.11 7779.03 5714.31 3941.75 1036.71 183.978 350.543 215.82
 0 0 930.636 20823 2966.47 1397.67 622.844 0 0 0 0
 0 0 13548.4 18333.4 38880.6 12157.7 6758.97 4171.27 609.268 592.372 0
 0 46.1414 9164.14 6826.46 23130.6 36003.8 4641.3 8206.64 5272.37 3035.46 610.487
 0 132.216 20652.1 33672.3 9811.63 18776.8 33087.7 4012.58 5838.11 7897.58 2981.17
 0 19.1157 3654.67 63553.1 21935.4 14142.4 19444 31592.1 2847.2 3374.22 2531.62
 0 0 17110.4 4655.39 66278.5 3717.23 1560.83 667.74 3564.8 355.437 0.616222
 0 0 11153.6 15725.1 15235.4 25067.4 11212.1 4019.24 3545.78 5276.32 1852.03
 0 1168.72 1082.51 38311 8849.83 7094.93 9934.99 5239.23 1795.7 1485.66 1785.01
 0 538.815 8905.51 6395.88 26594.9 7525.42 4334.83 8329.85 1931.76 778.395 1013.78
 0 1872.27 20587.2 13565.5 8684.04 27203.7 8160.96 4598.97 3861.46 781.585 497.972
 0 1944.84 22678.1 25373.6 7875.97 3894.59 16203.5 3232.96 1563 1669.8 530.542
 0 782.859 19964.2 49539.9 20630.9 5953.55 3272.38 7019.34 780.51 492.694 846.161
 0 88.7997 20443.5 31487.3 44203.2 12322.7 2398.23 1555.14 2205.25 0 392.743
 0 1434.26 3957.84 35311.6 27232.4 28971.9 9684.92 1541.89 251.843 853.301 0
 0 3558.36 16739.6 5664.66 33557.4 20272.7 22619.2 4116.9 560.393 363.072 256.917
 0 2252.58 19633.7 11630.8 5393.11 19940 15903.2 12463.8 2689.96 771.023 184.766
 0 5492.08 13290.2 16903.1 7613.87 6294.41 20041 10532.6 11631.3 1641.73 538.095
 0 4686.88 31924.2 15731.8 19997.8 8809.23 8560.35 16594.8 8242.54 8711.27 1792.88
 0 1674.59 18997.8 47219.8 13062.2 13592.4 6464.56 3821.28 7904.75 4664.72 1749.93
 0 1054.94 3017.64 17614.6 22414.5 6683.46 4887.81 1164.88 2726.03 4442.6 4817.04
 0 0.00227602 0.0963141 0.0459608 0.274922 0.269964 0.0739557 0.0417172 0.0349087 0.0306488 0.129333
 0 1557.21 7415.86 19991.9 4588.36 14754.1 11710.5 2518.76 1318.77 851.474 3441.37
 0 0.01 0.5 0.058 0.172 0.061 0.086 0.061 0.009 0.012 0.026
 0 0.00681422 0.189112 0.152338 0.123012 0.154411 0.0800079 0.164593 0.0901091 0.0230469 0.0165562
 0 0.00148708 0.0996333 0.345248 0.121635 0.103999 0.117758 0.0562585 0.101217 0.0431421 0.00893398
 0 0.0109 0.022 0.2345 0.3218 0.1269 0.1094 0.0566 0.037 0.0371 0.0396
 0 0.00680382 0.110552 0.0388972 0.287297 0.317702 0.0890769 0.0652917 0.0427899 0.0181284 0.0234614
 0 0.0168 0.0443 0.1802 0.0856 0.2506 0.2624 0.0788 0.0393 0.0245 0.0156
# olc_fsh

# wt_fsh
 69.3778 131.623 225.381 305.609 399.995 469.796 507.205 378.562 780.043 975.553 1071.54
 69.3778 72.3391 225.318 299.524 348.019 387.795 396.821 370.521 423.243 975.553 1071.54
 69.3778 496.327 319.156 457.021 475.804 474.895 467.702 546.48 780.043 975.553 1071.54
 69.3778 365.026 317.231 449.855 519.835 584.897 629.697 546.48 780.043 975.553 1071.54
 69.3778 365.026 317.231 449.855 519.835 584.897 629.697 546.48 780.043 975.553 1071.54
 69.3778 365.026 273.446 442.689 563.865 694.899 794.733 546.48 780.043 975.553 1071.54
 69.3778 365.026 359.091 498.752 601.137 685.54 810.195 546.48 780.043 975.553 1071.54
 69.3778 296.916 410.071 617.216 706.583 777.418 801.529 890.356 909.933 975.553 1071.54
 69.3778 301.834 452.194 551.901 682.441 736.515 775.105 807.233 1006.95 1011.24 1071.54
 69.3778 146.166 334.237 528.274 545.778 785.678 752.748 829.433 857.914 953.563 1052.45
 69.3778 265.345 435.179 729.131 907.994 858.657 963.921 1023.29 1053.8 1087.65 1098.16
 69.3778 196.006 350.536 469.715 564.028 624.204 694.144 783.309 817.709 849.759 1064
 69.3778 295.458 440.219 577.478 738.552 837.922 664.199 817.18 906.067 1010 1065.26
 69.3778 361.841 510.842 728.271 877.411 885.049 984.594 1386 1039.07 1444.91 1441.68
 69.3778 229.813 207.288 540.438 729.167 685.108 655.365 755.111 1013.99 742.85 1021.13
 69.3778 229.813 390.049 606.889 715.312 895.201 973.32 838.723 864.554 916.284 1009.92
 69.3778 229.813 572.061 625.67 681.733 773.178 826.01 782.223 1040.52 811.922 1009.92
 69.3778 150 362.917 568.28 648.789 697.439 776.879 749.227 743.717 736.404 922.355
 69.3778 92.3366 228.481 519.579 667.457 687.367 690.663 706.799 721.116 640.637 908.958
 69.3778 188.129 293.608 474.429 633.365 728.137 743.444 770.081 799.185 845.978 972.508
 69.3778 229.813 396.986 664.102 686.236 862.056 903.56 971.291 883.836 951.095 1107.67
 69.3778 229.813 296.164 494.483 580.319 643.736 682.073 774.684 707.439 797.51 858.439
 69.3778 239.572 406.028 568.066 707.279 754.61 838.842 979.443 1169.95 1141.38 960.5
 69.3778 215.421 496.624 594.395 689.18 733.555 777.961 853.97 812.947 904.457 987.781
 69.3778 223.615 418.395 562.677 719.126 764.532 840.804 825.752 946.457 911.973 1109.25
 69.3778 253.018 292.92 459.334 599.757 601.476 722.987 721.888 791.466 851.002 940.275
 69.3778 207.634 303.655 420.44 538.689 666.895 746.797 731.143 668.926 824.108 996.132
 69.3778 175.85 315.625 443.779 566.959 623.853 679.067 810.196 728.452 916.284 1014.81
 69.3778 247.084 406.442 480.078 536.375 557.893 657.187 966.154 1183.59 942.264 1009.92
 69.3778 265.323 393.304 502.898 550.778 612.661 647.277 714.464 848.495 855.647 983.524
 69.3778 246.943 437.123 546.536 714.912 696.82 768.437 778.394 775.598 1272.16 1033.01
 69.3778 264.54 387.556 540.453 614.886 726.823 718.779 699.929 798.152 785.755 997.842
 69.3778 214.548 395.032 493.958 605.287 667.402 733.837 744.788 769.918 816.048 813.302
 69.3778 204.185 361.721 564.659 582.891 673.174 683.883 758.394 722.94 762.297 803.31
 69.3778 219.922 444.604 640.064 806.826 753.074 770.108 797.907 931.069 913.326 899.318
 69.3778 229.905 373.798 509.22 611.736 658.007 712.836 772.326 821.86 893.889 949.144
 69.3778 266.034 280.344 606.377 676.531 740.209 867.091 822.091 802.656 821.524 1093
 69.3778 316.419 569.083 633.942 709.191 734.921 839.948 838.485 791.23 942.419 923.142
 69.3778 178.114 375.207 603.874 619.728 679.281 702.013 735.543 770.464 763.462 863.878
 69.3778 249.023 454.561 551.763 680.151 678.794 706.473 720.256 767.484 764.165 754.178
 69 256.854 458.189 626.679 645.702 756.434 783.282 795.695 837.97 809.232 856.983
 69 292.2 510.627 695.319 743.768 707.963 783.132 818.649 838.82 852.41 834.882
 69 425.661 595.446 664.841 768.855 783.347 745.908 847.328 810.75 817.872 862.319
 69 324.954 521.358 662.387 719.541 749.103 770.68 820.659 829.19 826.427 851.4
# nyrs_ind_age
 12
# yrs_ind_age
 1991 1994 1997 2000 2002 2004 2006 2010 2012 2014 2016 2018
# n_sample_ind_age
 19 19 13 20 35 37 28 36 31 34 24 25
# oac_ind
 0 0.048 0.561 0.091 0.173 0.054 0.058 0.01 0.004 0 0
 0 0.014 0.188 0.13 0.21 0.246 0.058 0.077 0.025 0.043 0.007
 0 0.102 0.222 0.179 0.231 0.071 0.036 0.049 0.067 0.01 0.021
 0 0.288 0.082 0.027 0.242 0.073 0.076 0.127 0.04 0.02 0.025
 2.65e-05 0.0426814 0.515223 0.293185 0.0525018 0.0177073 0.0430787 0.0197463 0.00798731 0.00701701 0.000846005
 0 0.0311422 0.33786 0.271787 0.260949 0.0560215 0.0134934 0.00766391 0.00894729 0.00496571 0.00712604
 0 0.138872 0.13304 0.0528748 0.160416 0.167475 0.242822 0.0783051 0.00995856 0.000228519 0.0160083
 0 0.0329789 0.281854 0.292636 0.0599991 0.0634984 0.0286586 0.0369071 0.0721575 0.0495205 0.0817894
 0 0.127098 0.201439 0.0815348 0.196643 0.134293 0.0407674 0.0407674 0.0359712 0.0167866 0.1247
 0 0.101235 0.14325 0.138422 0.120001 0.0805407 0.158652 0.138136 0.0406204 0.0210597 0.0580838
 0 0.0427852 0.283497 0.30533 0.082027 0.0644898 0.0637689 0.0340909 0.0489912 0.0533041 0.0217165
 0 0.0499579 0.160182 0.0361941 0.171469 0.224442 0.115628 0.0609904 0.0908913 0.0269665 0.0632787
# olc_ind

# obs_lse_ind
 0.143721 0.31605 0.299693 0.276909 0.198993 0.164109 0.272151 0.343189 0.179188 0.239631 0.301921 0.297799
# xages_fsh
 0 0 0 0 0 0 0 0 0 0 0
# xages_fsh
 0 0.1 0.2 0.3 0.4 0.5 0.6 0.7 0.8 0.9 1
# xnodes_fsh

Yrs fsh_sel change:  1977 1978 1979 1980 1981 1982 1983 1984 1985 1986 1987 1988 1989 1990 1991 1992 1993 1994 1995 1996 1997 1998 1999 2000 2001 2002 2003 2004 2005 2006 2007 2008 2009 2010 2011 2012 2013 2014 2015 2016 2017 2018 2019
Yrs ind_sel change:  1977 0 0 0 0 0 0 0 0 0 0 0 0 0 0 0 0 0 0 0 0 0 0 0 0 0 0 0 0 0 0 0 0 0 0 0 0 0 0 0 0 0 0
# steepnessprior
0.8
# sigmarprior
0.6
#  SSB estimated in styr endyr: 1964 2018 
#  Rec estimated in styr endyr: 1966 2020 
#  SR Curve fit  in styr endyr: 1977 2017 
#             Model styr endyr: 1977 2020 
# qprior
 1
# q_power_prior 
 1 
# cv_catchbiomass 
0.05 
# CatchbiomassPen 
200 
# Number of projection years 
10 
# offset_fsh
 6783.91
# offset_ind
 602.807
Mean Catch
47097.2
R_guess 
7.59457
# nfsh
1
# n_sel_ch_fsh
 43
# nselages_fsh
 10
# phase_selcoff_fsh
 4
logRzero 7.59457
logmeanrec 7.59457
exp(log_sigmarprior 0.6
Fish sel phase: 4 Atka_mackerel
Srvy sel phase: 5
Fixing index sel to
1
# logsel_slp_in_indv
 0
Leaving parameter init secton
# M
 0.3 0.3 0.3 0.3 0.3 0.3 0.3 0.3 0.3 0.3 0.3
 0.3 0.3 0.3 0.3 0.3 0.3 0.3 0.3 0.3 0.3 0.3
 0.3 0.3 0.3 0.3 0.3 0.3 0.3 0.3 0.3 0.3 0.3
 0.3 0.3 0.3 0.3 0.3 0.3 0.3 0.3 0.3 0.3 0.3
 0.3 0.3 0.3 0.3 0.3 0.3 0.3 0.3 0.3 0.3 0.3
 0.3 0.3 0.3 0.3 0.3 0.3 0.3 0.3 0.3 0.3 0.3
 0.3 0.3 0.3 0.3 0.3 0.3 0.3 0.3 0.3 0.3 0.3
 0.3 0.3 0.3 0.3 0.3 0.3 0.3 0.3 0.3 0.3 0.3
 0.3 0.3 0.3 0.3 0.3 0.3 0.3 0.3 0.3 0.3 0.3
 0.3 0.3 0.3 0.3 0.3 0.3 0.3 0.3 0.3 0.3 0.3
 0.3 0.3 0.3 0.3 0.3 0.3 0.3 0.3 0.3 0.3 0.3
 0.3 0.3 0.3 0.3 0.3 0.3 0.3 0.3 0.3 0.3 0.3
 0.3 0.3 0.3 0.3 0.3 0.3 0.3 0.3 0.3 0.3 0.3
 0.3 0.3 0.3 0.3 0.3 0.3 0.3 0.3 0.3 0.3 0.3
 0.3 0.3 0.3 0.3 0.3 0.3 0.3 0.3 0.3 0.3 0.3
 0.3 0.3 0.3 0.3 0.3 0.3 0.3 0.3 0.3 0.3 0.3
 0.3 0.3 0.3 0.3 0.3 0.3 0.3 0.3 0.3 0.3 0.3
 0.3 0.3 0.3 0.3 0.3 0.3 0.3 0.3 0.3 0.3 0.3
 0.3 0.3 0.3 0.3 0.3 0.3 0.3 0.3 0.3 0.3 0.3
 0.3 0.3 0.3 0.3 0.3 0.3 0.3 0.3 0.3 0.3 0.3
 0.3 0.3 0.3 0.3 0.3 0.3 0.3 0.3 0.3 0.3 0.3
 0.3 0.3 0.3 0.3 0.3 0.3 0.3 0.3 0.3 0.3 0.3
 0.3 0.3 0.3 0.3 0.3 0.3 0.3 0.3 0.3 0.3 0.3
 0.3 0.3 0.3 0.3 0.3 0.3 0.3 0.3 0.3 0.3 0.3
 0.3 0.3 0.3 0.3 0.3 0.3 0.3 0.3 0.3 0.3 0.3
 0.3 0.3 0.3 0.3 0.3 0.3 0.3 0.3 0.3 0.3 0.3
 0.3 0.3 0.3 0.3 0.3 0.3 0.3 0.3 0.3 0.3 0.3
 0.3 0.3 0.3 0.3 0.3 0.3 0.3 0.3 0.3 0.3 0.3
 0.3 0.3 0.3 0.3 0.3 0.3 0.3 0.3 0.3 0.3 0.3
 0.3 0.3 0.3 0.3 0.3 0.3 0.3 0.3 0.3 0.3 0.3
 0.3 0.3 0.3 0.3 0.3 0.3 0.3 0.3 0.3 0.3 0.3
 0.3 0.3 0.3 0.3 0.3 0.3 0.3 0.3 0.3 0.3 0.3
 0.3 0.3 0.3 0.3 0.3 0.3 0.3 0.3 0.3 0.3 0.3
 0.3 0.3 0.3 0.3 0.3 0.3 0.3 0.3 0.3 0.3 0.3
 0.3 0.3 0.3 0.3 0.3 0.3 0.3 0.3 0.3 0.3 0.3
 0.3 0.3 0.3 0.3 0.3 0.3 0.3 0.3 0.3 0.3 0.3
 0.3 0.3 0.3 0.3 0.3 0.3 0.3 0.3 0.3 0.3 0.3
 0.3 0.3 0.3 0.3 0.3 0.3 0.3 0.3 0.3 0.3 0.3
 0.3 0.3 0.3 0.3 0.3 0.3 0.3 0.3 0.3 0.3 0.3
 0.3 0.3 0.3 0.3 0.3 0.3 0.3 0.3 0.3 0.3 0.3
 0.3 0.3 0.3 0.3 0.3 0.3 0.3 0.3 0.3 0.3 0.3
 0.3 0.3 0.3 0.3 0.3 0.3 0.3 0.3 0.3 0.3 0.3
 0.3 0.3 0.3 0.3 0.3 0.3 0.3 0.3 0.3 0.3 0.3
 0.3 0.3 0.3 0.3 0.3 0.3 0.3 0.3 0.3 0.3 0.3
# mean_log_rec
5.38284
# log_Rzero
6.15772
# rec_dev
 -0.0663618 -0.087425 -0.114997 -0.161648 -0.236189 -0.374582 -0.544865 -0.188198 -0.143995 0.701568 0.885997 0.0948918 1.29539 -0.0202464 -0.511462 -0.41222 -0.856256 -0.534324 -0.431921 0.0633238 -0.0664499 0.265441 0.0479547 0.980029 0.211242 -0.345136 0.0958302 0.602022 -0.329581 -0.334322 0.630743 -0.839302 -0.387032 0.478903 1.29728 0.872575 0.998316 -0.572076 -0.30391 -0.0161941 -0.38288 0.604121 0.459472 -0.71177 0.0766957 -0.284538 0.114232 0.6215 0.255598 -1.01351 0.0453225 -0.31557 -0.069143 -0.0586454 -9.4002e-09
# log_sigmar
-0.704391
# fmort
 0.106977 0.110358 0.0616052 0.0461297 0.0345498 0.0252635 0.0151557 0.0549477 0.083156 0.0893874 0.0665395 0.0560957 0.0340743 0.0293938 0.0474766 0.0636322 0.0940764 0.120442 0.193845 0.276322 0.166327 0.201297 0.147323 0.133935 0.176116 0.126165 0.106967 0.08504 0.0809884 0.0908461 0.0900546 0.112577 0.170583 0.163616 0.112291 0.134093 0.0561931 0.062376 0.137085 0.135528 0.157556 0.172396 0.158692 0.192898
# rec_dev_future
 0 0 0 0 0 0 0 0 0 0
