SPRFMO_Jack_Mackerel;August_2013
# styr
1950
# endyr
2014
# rec_age
0
# oldest_age
6
# nlength
41
# len_bins
 10 11 12 13 14 15 16 17 18 19 20 21 22 23 24 25 26 27 28 29 30 31 32 33 34 35 36 37 38 39 40 41 42 43 44 45 46 47 48 49 50
# datafile_name
chub2.dat
# model_name
Model_3_q_sqrt
# styr
1950
# endyr
2014
# rec_age
0
# oldest_age
6
# nfsh
2
# fshname
Korea
Japan
# catch_bio_in
 14436 18918 19782 12971 26516 16667 15700 12788 5793 1634 2175 1762 4058 5406 2441 7339 2078 2772 10481 42103 38256 60599 78969 74150 80649 70123 107382 113051 99519 120283 62690 108082 99447 122883 101714 68479 103511 101337 162828 163617 97227 91538 116422 174684 210442 200481 415003 160448 172925 177540 145908 203717 141751 122044 184274 135596 101427 143776 187240 117960 94331 151800 125144 115427 130790
 20508.2 26875.4 28102.8 18426.9 37669.3 23677.6 22303.8 18167 8229.69 2321.3 3089.86 2503.14 5764.9 7679.9 3467.75 10426 2952.06 3937.98 14889.6 59812.6 54347.5 86088.5 112185 269000 347000 290000 269000 292000 298000 270000 297000 244000 281000 242000 198000 204000 193000 194000 240000 283000 131000 153000 143000 235000 339000 208000 411000 211000 165000 108000 89000 78000 86000 83000 85000 92000 91000 106000 121000 131000 116000 115000 108000 64000 95666.7
# catch_bio_sd_in
 0.05 0.05 0.05 0.05 0.05 0.05 0.05 0.05 0.05 0.05 0.05 0.05 0.05 0.05 0.05 0.05 0.05 0.05 0.05 0.05 0.05 0.05 0.05 0.05 0.05 0.05 0.05 0.05 0.05 0.05 0.05 0.05 0.05 0.05 0.05 0.05 0.05 0.05 0.05 0.05 0.05 0.05 0.05 0.05 0.05 0.05 0.05 0.05 0.05 0.05 0.05 0.05 0.05 0.05 0.05 0.05 0.05 0.05 0.05 0.05 0.05 0.05 0.05 0.05 0.05
 0.1 0.1 0.1 0.1 0.1 0.1 0.1 0.1 0.1 0.1 0.1 0.05 0.05 0.05 0.05 0.05 0.05 0.05 0.05 0.05 0.05 0.05 0.05 0.05 0.05 0.05 0.05 0.05 0.05 0.05 0.05 0.05 0.05 0.05 0.05 0.05 0.05 0.05 0.05 0.05 0.05 0.05 0.05 0.05 0.05 0.05 0.05 0.05 0.05 0.05 0.05 0.05 0.05 0.05 0.05 0.05 0.05 0.05 0.05 0.05 0.05 0.05 0.05 0.05 0.05
# nyrs_fsh_age
 41 0
# nyrs_fsh_length
 0 0
# yrs_fsh_age_in
 1973 1974 1975 1976 1977 1978 1979 1980 1981 1982 1983 1984 1985 1986 1987 1988 1989 1990 1991 1992 1993 1994 1995 1996 1997 1998 1999 2000 2001 2002 2003 2004 2005 2006 2007 2008 2009 2010 2011 2012 2013

# yrs_fsh_length_in


# n_sample_fsh_length_in


# olc_fsh_in


# wt_fsh
 33.3 196.7 463.8 770.3 1068.6 1333.3 1555.4
 33.3 196.7 463.8 770.3 1068.6 1333.3 1555.4
 33.3 196.7 463.8 770.3 1068.6 1333.3 1555.4
 33.3 196.7 463.8 770.3 1068.6 1333.3 1555.4
 33.3 196.7 463.8 770.3 1068.6 1333.3 1555.4
 33.3 196.7 463.8 770.3 1068.6 1333.3 1555.4
 33.3 196.7 463.8 770.3 1068.6 1333.3 1555.4
 33.3 196.7 463.8 770.3 1068.6 1333.3 1555.4
 33.3 196.7 463.8 770.3 1068.6 1333.3 1555.4
 33.3 196.7 463.8 770.3 1068.6 1333.3 1555.4
 33.3 196.7 463.8 770.3 1068.6 1333.3 1555.4
 33.3 196.7 463.8 770.3 1068.6 1333.3 1555.4
 33.3 196.7 463.8 770.3 1068.6 1333.3 1555.4
 33.3 196.7 463.8 770.3 1068.6 1333.3 1555.4
 33.3 196.7 463.8 770.3 1068.6 1333.3 1555.4
 33.3 196.7 463.8 770.3 1068.6 1333.3 1555.4
 33.3 196.7 463.8 770.3 1068.6 1333.3 1555.4
 33.3 196.7 463.8 770.3 1068.6 1333.3 1555.4
 33.3 196.7 463.8 770.3 1068.6 1333.3 1555.4
 33.3 196.7 463.8 770.3 1068.6 1333.3 1555.4
 33.3 196.7 463.8 770.3 1068.6 1333.3 1555.4
 33.3 196.7 463.8 770.3 1068.6 1333.3 1555.4
 33.3 196.7 463.8 770.3 1068.6 1333.3 1555.4
 33.3 196.7 463.8 770.3 1068.6 1333.3 1555.4
 33.3 196.7 463.8 770.3 1068.6 1333.3 1555.4
 33.3 196.7 463.8 770.3 1068.6 1333.3 1555.4
 33.3 196.7 463.8 770.3 1068.6 1333.3 1555.4
 33.3 196.7 463.8 770.3 1068.6 1333.3 1555.4
 33.3 196.7 463.8 770.3 1068.6 1333.3 1555.4
 33.3 196.7 463.8 770.3 1068.6 1333.3 1555.4
 33.3 196.7 463.8 770.3 1068.6 1333.3 1555.4
 33.3 196.7 463.8 770.3 1068.6 1333.3 1555.4
 33.3 196.7 463.8 770.3 1068.6 1333.3 1555.4
 33.3 196.7 463.8 770.3 1068.6 1333.3 1555.4
 33.3 196.7 463.8 770.3 1068.6 1333.3 1555.4
 33.3 196.7 463.8 770.3 1068.6 1333.3 1555.4
 33.3 196.7 463.8 770.3 1068.6 1333.3 1555.4
 33.3 196.7 463.8 770.3 1068.6 1333.3 1555.4
 33.3 196.7 463.8 770.3 1068.6 1333.3 1555.4
 33.3 196.7 463.8 770.3 1068.6 1333.3 1555.4
 33.3 196.7 463.8 770.3 1068.6 1333.3 1555.4
 33.3 196.7 463.8 770.3 1068.6 1333.3 1555.4
 33.3 196.7 463.8 770.3 1068.6 1333.3 1555.4
 33.3 196.7 463.8 770.3 1068.6 1333.3 1555.4
 33.3 196.7 463.8 770.3 1068.6 1333.3 1555.4
 33.3 196.7 463.8 770.3 1068.6 1333.3 1555.4
 33.3 196.7 463.8 770.3 1068.6 1333.3 1555.4
 33.3 196.7 463.8 770.3 1068.6 1333.3 1555.4
 33.3 196.7 463.8 770.3 1068.6 1333.3 1555.4
 33.3 196.7 463.8 770.3 1068.6 1333.3 1555.4
 33.3 196.7 463.8 770.3 1068.6 1333.3 1555.4
 33.3 196.7 463.8 770.3 1068.6 1333.3 1555.4
 33.3 196.7 463.8 770.3 1068.6 1333.3 1555.4
 33.3 196.7 463.8 770.3 1068.6 1333.3 1555.4
 33.3 196.7 463.8 770.3 1068.6 1333.3 1555.4
 33.3 196.7 463.8 770.3 1068.6 1333.3 1555.4
 33.3 196.7 463.8 770.3 1068.6 1333.3 1555.4
 33.3 196.7 463.8 770.3 1068.6 1333.3 1555.4
 33.3 196.7 463.8 770.3 1068.6 1333.3 1555.4
 33.3 196.7 463.8 770.3 1068.6 1333.3 1555.4
 33.3 196.7 463.8 770.3 1068.6 1333.3 1555.4
 33.3 196.7 463.8 770.3 1068.6 1333.3 1555.4
 33.3 196.7 463.8 770.3 1068.6 1333.3 1555.4
 33.3 196.7 463.8 770.3 1068.6 1333.3 1555.4
 33.3 196.7 463.8 770.3 1068.6 1333.3 1555.4
 33.3 196.7 463.8 770.3 1068.6 1333.3 1555.4
 33.3 196.7 463.8 770.3 1068.6 1333.3 1555.4
 33.3 196.7 463.8 770.3 1068.6 1333.3 1555.4
 33.3 196.7 463.8 770.3 1068.6 1333.3 1555.4
 33.3 196.7 463.8 770.3 1068.6 1333.3 1555.4
 33.3 196.7 463.8 770.3 1068.6 1333.3 1555.4
 33.3 196.7 463.8 770.3 1068.6 1333.3 1555.4
 33.3 196.7 463.8 770.3 1068.6 1333.3 1555.4
 33.3 196.7 463.8 770.3 1068.6 1333.3 1555.4
 33.3 196.7 463.8 770.3 1068.6 1333.3 1555.4
 33.3 196.7 463.8 770.3 1068.6 1333.3 1555.4
 33.3 196.7 463.8 770.3 1068.6 1333.3 1555.4
 33.3 196.7 463.8 770.3 1068.6 1333.3 1555.4
 33.3 196.7 463.8 770.3 1068.6 1333.3 1555.4
 33.3 196.7 463.8 770.3 1068.6 1333.3 1555.4
 33.3 196.7 463.8 770.3 1068.6 1333.3 1555.4
 33.3 196.7 463.8 770.3 1068.6 1333.3 1555.4
 33.3 196.7 463.8 770.3 1068.6 1333.3 1555.4
 33.3 196.7 463.8 770.3 1068.6 1333.3 1555.4
 33.3 196.7 463.8 770.3 1068.6 1333.3 1555.4
 33.3 196.7 463.8 770.3 1068.6 1333.3 1555.4
 33.3 196.7 463.8 770.3 1068.6 1333.3 1555.4
 33.3 196.7 463.8 770.3 1068.6 1333.3 1555.4
 33.3 196.7 463.8 770.3 1068.6 1333.3 1555.4
 33.3 196.7 463.8 770.3 1068.6 1333.3 1555.4
 33.3 196.7 463.8 770.3 1068.6 1333.3 1555.4
 33.3 196.7 463.8 770.3 1068.6 1333.3 1555.4
 33.3 196.7 463.8 770.3 1068.6 1333.3 1555.4
 33.3 196.7 463.8 770.3 1068.6 1333.3 1555.4
 33.3 196.7 463.8 770.3 1068.6 1333.3 1555.4
 33.3 196.7 463.8 770.3 1068.6 1333.3 1555.4
 33.3 196.7 463.8 770.3 1068.6 1333.3 1555.4
 33.3 196.7 463.8 770.3 1068.6 1333.3 1555.4
 33.3 196.7 463.8 770.3 1068.6 1333.3 1555.4
 33.3 196.7 463.8 770.3 1068.6 1333.3 1555.4
 33.3 196.7 463.8 770.3 1068.6 1333.3 1555.4
 33.3 196.7 463.8 770.3 1068.6 1333.3 1555.4
 33.3 196.7 463.8 770.3 1068.6 1333.3 1555.4
 33.3 196.7 463.8 770.3 1068.6 1333.3 1555.4
 33.3 196.7 463.8 770.3 1068.6 1333.3 1555.4
 33.3 196.7 463.8 770.3 1068.6 1333.3 1555.4
 33.3 196.7 463.8 770.3 1068.6 1333.3 1555.4
 33.3 196.7 463.8 770.3 1068.6 1333.3 1555.4
 33.3 196.7 463.8 770.3 1068.6 1333.3 1555.4
 33.3 196.7 463.8 770.3 1068.6 1333.3 1555.4
 33.3 196.7 463.8 770.3 1068.6 1333.3 1555.4
 33.3 196.7 463.8 770.3 1068.6 1333.3 1555.4
 33.3 196.7 463.8 770.3 1068.6 1333.3 1555.4
 33.3 196.7 463.8 770.3 1068.6 1333.3 1555.4
 33.3 196.7 463.8 770.3 1068.6 1333.3 1555.4
 33.3 196.7 463.8 770.3 1068.6 1333.3 1555.4
 33.3 196.7 463.8 770.3 1068.6 1333.3 1555.4
 33.3 196.7 463.8 770.3 1068.6 1333.3 1555.4
 33.3 196.7 463.8 770.3 1068.6 1333.3 1555.4
 33.3 196.7 463.8 770.3 1068.6 1333.3 1555.4
 33.3 196.7 463.8 770.3 1068.6 1333.3 1555.4
 33.3 196.7 463.8 770.3 1068.6 1333.3 1555.4
 33.3 196.7 463.8 770.3 1068.6 1333.3 1555.4
 33.3 196.7 463.8 770.3 1068.6 1333.3 1555.4
 33.3 196.7 463.8 770.3 1068.6 1333.3 1555.4
 33.3 196.7 463.8 770.3 1068.6 1333.3 1555.4
 33.3 196.7 463.8 770.3 1068.6 1333.3 1555.4
 33.3 196.7 463.8 770.3 1068.6 1333.3 1555.4
 33.3 196.7 463.8 770.3 1068.6 1333.3 1555.4
 33.3 196.7 463.8 770.3 1068.6 1333.3 1555.4
# nind
1
# indname
CPUE
# nyrs_ind
 34
# yrs_ind_in
 1980 1981 1982 1983 1984 1985 1986 1987 1988 1989 1990 1991 1992 1993 1994 1995 1996 1997 1998 1999 2000 2001 2002 2003 2004 2005 2006 2007 2008 2009 2010 2011 2012 2013
# mo_ind
 7.5
# obs_ind_in
 10.4 13.1 10 13.3 9.8 6.9 8.2 9.1 15.4 15.6 9.8 12.1 13 16.7 16 13 36.5 14.5 18 17.1 11.7 16 13.2 14.1 21.3203 15 12.1016 18.4231 26.8115 25.6816 17.3 26.2 24.4 18.7
# obs_se_ind_in
 2.6 3.275 2.5 3.325 2.45 1.725 2.05 2.275 3.85 3.9 2.45 3.025 3.25 4.175 4 3.25 9.125 3.625 4.5 4.275 2.925 4 3.3 3.525 5.33009 3.75 3.0254 4.60578 6.70288 6.4204 4.325 6.55 6.1 4.675
# nyrs_ind_age
 0
# nyrs_ind_length
 0
# yrs_ind_age_in

# yrs_ind_length_in

# yrs_ind_age_in

# n_sample_ind_length_in

# olc_ind_in

# oac_ind_in

# wt_ind
 33.3 196.7 463.8 770.3 1068.6 1333.3 1555.4
 33.3 196.7 463.8 770.3 1068.6 1333.3 1555.4
 33.3 196.7 463.8 770.3 1068.6 1333.3 1555.4
 33.3 196.7 463.8 770.3 1068.6 1333.3 1555.4
 33.3 196.7 463.8 770.3 1068.6 1333.3 1555.4
 33.3 196.7 463.8 770.3 1068.6 1333.3 1555.4
 33.3 196.7 463.8 770.3 1068.6 1333.3 1555.4
 33.3 196.7 463.8 770.3 1068.6 1333.3 1555.4
 33.3 196.7 463.8 770.3 1068.6 1333.3 1555.4
 33.3 196.7 463.8 770.3 1068.6 1333.3 1555.4
 33.3 196.7 463.8 770.3 1068.6 1333.3 1555.4
 33.3 196.7 463.8 770.3 1068.6 1333.3 1555.4
 33.3 196.7 463.8 770.3 1068.6 1333.3 1555.4
 33.3 196.7 463.8 770.3 1068.6 1333.3 1555.4
 33.3 196.7 463.8 770.3 1068.6 1333.3 1555.4
 33.3 196.7 463.8 770.3 1068.6 1333.3 1555.4
 33.3 196.7 463.8 770.3 1068.6 1333.3 1555.4
 33.3 196.7 463.8 770.3 1068.6 1333.3 1555.4
 33.3 196.7 463.8 770.3 1068.6 1333.3 1555.4
 33.3 196.7 463.8 770.3 1068.6 1333.3 1555.4
 33.3 196.7 463.8 770.3 1068.6 1333.3 1555.4
 33.3 196.7 463.8 770.3 1068.6 1333.3 1555.4
 33.3 196.7 463.8 770.3 1068.6 1333.3 1555.4
 33.3 196.7 463.8 770.3 1068.6 1333.3 1555.4
 33.3 196.7 463.8 770.3 1068.6 1333.3 1555.4
 33.3 196.7 463.8 770.3 1068.6 1333.3 1555.4
 33.3 196.7 463.8 770.3 1068.6 1333.3 1555.4
 33.3 196.7 463.8 770.3 1068.6 1333.3 1555.4
 33.3 196.7 463.8 770.3 1068.6 1333.3 1555.4
 33.3 196.7 463.8 770.3 1068.6 1333.3 1555.4
 33.3 196.7 463.8 770.3 1068.6 1333.3 1555.4
 33.3 196.7 463.8 770.3 1068.6 1333.3 1555.4
 33.3 196.7 463.8 770.3 1068.6 1333.3 1555.4
 33.3 196.7 463.8 770.3 1068.6 1333.3 1555.4
 33.3 196.7 463.8 770.3 1068.6 1333.3 1555.4
 33.3 196.7 463.8 770.3 1068.6 1333.3 1555.4
 33.3 196.7 463.8 770.3 1068.6 1333.3 1555.4
 33.3 196.7 463.8 770.3 1068.6 1333.3 1555.4
 33.3 196.7 463.8 770.3 1068.6 1333.3 1555.4
 33.3 196.7 463.8 770.3 1068.6 1333.3 1555.4
 33.3 196.7 463.8 770.3 1068.6 1333.3 1555.4
 33.3 196.7 463.8 770.3 1068.6 1333.3 1555.4
 33.3 196.7 463.8 770.3 1068.6 1333.3 1555.4
 33.3 196.7 463.8 770.3 1068.6 1333.3 1555.4
 33.3 196.7 463.8 770.3 1068.6 1333.3 1555.4
 33.3 196.7 463.8 770.3 1068.6 1333.3 1555.4
 33.3 196.7 463.8 770.3 1068.6 1333.3 1555.4
 33.3 196.7 463.8 770.3 1068.6 1333.3 1555.4
 33.3 196.7 463.8 770.3 1068.6 1333.3 1555.4
 33.3 196.7 463.8 770.3 1068.6 1333.3 1555.4
 33.3 196.7 463.8 770.3 1068.6 1333.3 1555.4
 33.3 196.7 463.8 770.3 1068.6 1333.3 1555.4
 33.3 196.7 463.8 770.3 1068.6 1333.3 1555.4
 33.3 196.7 463.8 770.3 1068.6 1333.3 1555.4
 33.3 196.7 463.8 770.3 1068.6 1333.3 1555.4
 33.3 196.7 463.8 770.3 1068.6 1333.3 1555.4
 33.3 196.7 463.8 770.3 1068.6 1333.3 1555.4
 33.3 196.7 463.8 770.3 1068.6 1333.3 1555.4
 33.3 196.7 463.8 770.3 1068.6 1333.3 1555.4
 33.3 196.7 463.8 770.3 1068.6 1333.3 1555.4
 33.3 196.7 463.8 770.3 1068.6 1333.3 1555.4
 33.3 196.7 463.8 770.3 1068.6 1333.3 1555.4
 33.3 196.7 463.8 770.3 1068.6 1333.3 1555.4
 33.3 196.7 463.8 770.3 1068.6 1333.3 1555.4
 33.3 196.7 463.8 770.3 1068.6 1333.3 1555.4
# wt_pop
 33.3 196.7 463.8 770.3 1068.6 1333.3 1555.4
# maturity
 0 0.02 0.68 0.95 0.96 1 1
# age_err
 1 0 0 0 0 0 0
 0 1 0 0 0 0 0
 0 0 1 0 0 0 0
 0 0 0 1 0 0 0
 0 0 0 0 1 0 0
 0 0 0 0 0 1 0
 0 0 0 0 0 0 1
# cntrlfile_name
mod3.ctl
# datafile_name
chub2.dat
# model_name
Model_3_q_sqrt
# Map shared selectivity: 
# sel_map
 1 1 1
 1 1 1
# SrType
2
# use_age_err
0
# retro
0
# sigmarprior
0.6
# cvsigmarprior
15
# phase_sigmar
-4
# styr_rec_est
1975
# endyr_rec_est
2013
# Linfprior
74.4
# cvLinfprior
0.1
# kprior
0.16
# cvkprior
0.1
# Loprior
18
# cvLoprior
0.1
# sdageprior
0.09
# cvsdageprior
0.1
# natmortprior
0.49
# cvnatmortprior
0.05
# phase_M
-4
# npars_Mage
0
# ages_M_changes

# Mage_in

# Mage_offset_in

# phase_rw_M
0
# npars_rw_M
-4
# yrs_rw_M

# sigma_rw_M

# qprior
 1e-06
# cvqprior
 10.2
# phase_q
 1
# phase_rw_q
 -1
# npars_rw_q
 0
# yrs_rw_q

# sigma_rw_q

# q_age_min
 1
# q_age_max
 5
# q_age_min
 2
# q_age_max
 6
# fsh_sel_opt(k)
1
# nselages_in_fsh(k)
5
# phase_sel_fsh(k)
4
# curv_pen_fsh(k)
0.946
# seldec_pen_fsh(k)
106.09
# n_sel_ch_fsh(k)
36
# yrs_sel_ch_fsh(k)
 1950 1978 1979 1980 1981 1982 1983 1984 1985 1986 1987 1988 1989 1990 1991 1992 1993 1994 1995 1996 1997 1998 1999 2000 2001 2002 2003 2004 2005 2006 2007 2008 2009 2010 2011 2012 0 0 0 0 0 0 0 0 0 0 0 0 0 0 0 0 0 0 0 0 0 0 0 0 0 0 0 0
# sel_sigma_fsh(k)
 0 0.946 0.946 0.946 0.946 0.946 0.946 0.946 0.946 0.946 0.946 0.946 0.946 0.946 0.946 0.946 0.946 0.946 0.946 0.946 0.946 0.946 0.946 0.946 0.946 0.946 0.946 0.946 0.946 0.946 0.946 0.946 0.946 0.946 0.946 0.946 0 0 0 0 0 0 0 0 0 0 0 0 0 0 0 0 0 0 0 0 0 0 0 0 0 0 0 0
Sel_in_fsh  0.0268819 0.94086 1.34409 1.34409 1.34409 1 1
Sel_in_fsh  0.0268819 0.94086 1.34409 1.34409 1.34409 1 1
Sel_in_fsh  0.0268819 0.94086 1.34409 1.34409 1.34409 1 1
Sel_in_fsh  0.0268819 0.94086 1.34409 1.34409 1.34409 1 1
Sel_in_fsh  0.0268819 0.94086 1.34409 1.34409 1.34409 1 1
Sel_in_fsh  0.0268819 0.94086 1.34409 1.34409 1.34409 1 1
Sel_in_fsh  0.0268819 0.94086 1.34409 1.34409 1.34409 1 1
Sel_in_fsh  0.0268819 0.94086 1.34409 1.34409 1.34409 1 1
Sel_in_fsh  0.0268819 0.94086 1.34409 1.34409 1.34409 1 1
Sel_in_fsh  0.0268819 0.94086 1.34409 1.34409 1.34409 1 1
Sel_in_fsh  0.0268819 0.94086 1.34409 1.34409 1.34409 1 1
Sel_in_fsh  0.0268819 0.94086 1.34409 1.34409 1.34409 1 1
Sel_in_fsh  0.0268819 0.94086 1.34409 1.34409 1.34409 1 1
Sel_in_fsh  0.0268819 0.94086 1.34409 1.34409 1.34409 1 1
Sel_in_fsh  0.0268819 0.94086 1.34409 1.34409 1.34409 1 1
Sel_in_fsh  0.0268819 0.94086 1.34409 1.34409 1.34409 1 1
Sel_in_fsh  0.0268819 0.94086 1.34409 1.34409 1.34409 1 1
Sel_in_fsh  0.0268819 0.94086 1.34409 1.34409 1.34409 1 1
Sel_in_fsh  0.0268819 0.94086 1.34409 1.34409 1.34409 1 1
Sel_in_fsh  0.0268819 0.94086 1.34409 1.34409 1.34409 1 1
Sel_in_fsh  0.0268819 0.94086 1.34409 1.34409 1.34409 1 1
Sel_in_fsh  0.0268819 0.94086 1.34409 1.34409 1.34409 1 1
Sel_in_fsh  0.0268819 0.94086 1.34409 1.34409 1.34409 1 1
Sel_in_fsh  0.0268819 0.94086 1.34409 1.34409 1.34409 1 1
Sel_in_fsh  0.0268819 0.94086 1.34409 1.34409 1.34409 1 1
Sel_in_fsh  0.0268819 0.94086 1.34409 1.34409 1.34409 1 1
Sel_in_fsh  0.0268819 0.94086 1.34409 1.34409 1.34409 1 1
Sel_in_fsh  0.0268819 0.94086 1.34409 1.34409 1.34409 1 1
Sel_in_fsh  0.0268819 0.94086 1.34409 1.34409 1.34409 1 1
Sel_in_fsh  0.0268819 0.94086 1.34409 1.34409 1.34409 1 1
Sel_in_fsh  0.0268819 0.94086 1.34409 1.34409 1.34409 1 1
Sel_in_fsh  0.0268819 0.94086 1.34409 1.34409 1.34409 1 1
Sel_in_fsh  0.0268819 0.94086 1.34409 1.34409 1.34409 1 1
Sel_in_fsh  0.0268819 0.94086 1.34409 1.34409 1.34409 1 1
Sel_in_fsh  0.0268819 0.94086 1.34409 1.34409 1.34409 1 1
# fsh_sel_opt(k)
1
# nselages_in_fsh(k)
5
# phase_sel_fsh(k)
-4
# curv_pen_fsh(k)
0.946
# seldec_pen_fsh(k)
106.09
# n_sel_ch_fsh(k)
1
# yrs_sel_ch_fsh(k)
 1950 0 0 0 0 0 0 0 0 0 0 0 0 0 0 0 0 0 0 0 0 0 0 0 0 0 0 0 0 0 0 0 0 0 0 0 0 0 0 0 0 0 0 0 0 0 0 0 0 0 0 0 0 0 0 0 0 0 0 0 0 0 0 0
# sel_sigma_fsh(k)
 0 0 0 0 0 0 0 0 0 0 0 0 0 0 0 0 0 0 0 0 0 0 0 0 0 0 0 0 0 0 0 0 0 0 0 0 0 0 0 0 0 0 0 0 0 0 0 0 0 0 0 0 0 0 0 0 0 0 0 0 0 0 0 0

Survey CPUE
# ind_sel_opt(k)
1
# indname(k)
CPUE
# nselages_in_ind(k)
5
# phase_sel_ind(k)
-5
# seldec_pen_ind(k)
0.16
# n_sel_ch_ind(k)
1
# sel_change_in_ind(k)
 1 0 0 0 0 0 0 0 0 0 0 0 0 0 0 0 0 0 0 0 0 0 0 0 0 0 0 0 0 0 0 0 0 0 0 0 0 0 0 0 0 0 0 0 0 0 0 0 0 0 0 0 0 0 0 0 0 0 0 0 0 0 0 0 0
# n_sel_ch_ind(k)
1
# yrs_sel_ch_ind(k)
 1950 0 0 0 0 0 0 0 0 0 0 0 0 0 0 0 0 0 0 0 0 0 0 0 0 0 0 0 0 0 0 0 0 0 0 0 0 0 0 0 0 0 0 0 0 0 0 0 0 0 0 0 0 0 0 0 0 0 0 0 0 0 0 0
# sel_ind_tmp
 0.2 0.7 1 1 1 1 1
CPUE ind sel opt 1  1 0 0 0 0 0 0 0 0 0 0 0 0 0 0 0 0 0 0 0 0 0 0 0 0 0 0 0 0 0 0 0 0 0 0 0 0 0 0 0 0 0 0 0 0 0 0 0 0 0 0 0 0 0 0 0 0 0 0 0 0 0 0 0 0
Phase indices Sel_Coffs:  -5
 Test: 1.23457e+08
# Fshry Selages:  5 5
# Srvy  Selages:  5
# Phase for age-spec fishery  4 -4
# Phase for logistic fishery  -1 -1
# Phase for dble logistic fishery  -1 -1
# Phase for age-spec indices   -5
# Phase for logistic indices   -2
# Phase for dble logistic ind  -1
# Curv_pen_fsh: 
 0.558712 0.946
# Curv_pen_ind: 
 0.558712 0.946
# styr_fut
2015
# endyr_fut
2024
# nyrs_fsh_age
 41 0
# nyrs_fsh_age
 41 0
# yrs_fsh_age
 1973 1974 1975 1976 1977 1978 1979 1980 1981 1982 1983 1984 1985 1986 1987 1988 1989 1990 1991 1992 1993 1994 1995 1996 1997 1998 1999 2000 2001 2002 2003 2004 2005 2006 2007 2008 2009 2010 2011 2012 2013

# n_sample_fsh_age
 25 25 25 25 25 25 25 25 25 25 25 25 25 25 25 25 25 25 25 25 25 25 25 25 25 25 25 25 25 25 25 25 25 25 25 25 25 25 25 25 25

# oac_fsh
 1865 128892 103819 52140 16831 3633 378
 4755 28740 50753 53000 37279 25275 9476
 0 19164 47168 40655 35074 22684 6322
 0 49413 147739 77954 28536 11477 6716
 0 37852 126709 101597 38730 10621 3091
 4075 81416 134803 77302 25288 8829 3622
 0 115271 149938 90310 38082 11938 1341
 0 51319 56336 48770 28049 9459 2588
 584 130548 144278 64777 35870 12779 2712
 41982 255242 106211 61435 31960 13274 3831
 37862 159592 171480 79374 25165 13853 13254
 0 125028 130347 69106 31400 6917 1077
 5578 82217 67069 46841 26357 12372 3192
 532 200086 114536 66408 25553 12254 4343
 10290 114965 120481 80562 33081 10566 3994
 9744 298979 202056 110243 38589 13627 6377
 0 107803 175666 126897 61244 21922 5284
 27974 116523 101141 54660 42686 22346 6469
 9517 96816 120611 55731 23673 11417 10711
 5669 173826 159570 73963 26049 10846 5374
 29123 379549 256709 88625 29493 8842 11079
 27143 420492 239036 128757 65387 24252 5344
 132411 557772 280728 118204 43505 17893 3829
 22385 1.06566e+06 770060 195833 25930 4099 512
 2767 238030 251877 112502 24645 4036 371
 30632 289384 291487 116515 25489 3725 23
 614 458926 205151 101262 35089 14619 5374
 34714 273204 206568 103648 29843 6899 564
 38417 272910 259592 72667 20350 6820 30028
 7904 84604 142692 81475 43178 16629 3602
 0 40009 106996 68771 38712 19275 5664
 0 59293 228994 67488 26123 11919 5049
 0 34668 123090 101058 36317 9088 5367
 2592 71221 146305 76572 36240 13390 4942
 0 58536 152708 79583 35412 16178 8795
 22266 132972 185634 101317 48800 25732 12505
 575 56151 145292 77632 22174 5208 1904
 40 71498 104868 46954 17871 8567 7184
 6606 104371 160424 85250 42096 14512 3366
 13 53216 118000 75939 36796 14563 3894
 0 71712 123686 66930 35143 14445 4146

# olc_fsh


# wt_fsh
 33.3 196.7 463.8 770.3 1068.6 1333.3 1555.4
 33.3 196.7 463.8 770.3 1068.6 1333.3 1555.4
 33.3 196.7 463.8 770.3 1068.6 1333.3 1555.4
 33.3 196.7 463.8 770.3 1068.6 1333.3 1555.4
 33.3 196.7 463.8 770.3 1068.6 1333.3 1555.4
 33.3 196.7 463.8 770.3 1068.6 1333.3 1555.4
 33.3 196.7 463.8 770.3 1068.6 1333.3 1555.4
 33.3 196.7 463.8 770.3 1068.6 1333.3 1555.4
 33.3 196.7 463.8 770.3 1068.6 1333.3 1555.4
 33.3 196.7 463.8 770.3 1068.6 1333.3 1555.4
 33.3 196.7 463.8 770.3 1068.6 1333.3 1555.4
 33.3 196.7 463.8 770.3 1068.6 1333.3 1555.4
 33.3 196.7 463.8 770.3 1068.6 1333.3 1555.4
 33.3 196.7 463.8 770.3 1068.6 1333.3 1555.4
 33.3 196.7 463.8 770.3 1068.6 1333.3 1555.4
 33.3 196.7 463.8 770.3 1068.6 1333.3 1555.4
 33.3 196.7 463.8 770.3 1068.6 1333.3 1555.4
 33.3 196.7 463.8 770.3 1068.6 1333.3 1555.4
 33.3 196.7 463.8 770.3 1068.6 1333.3 1555.4
 33.3 196.7 463.8 770.3 1068.6 1333.3 1555.4
 33.3 196.7 463.8 770.3 1068.6 1333.3 1555.4
 33.3 196.7 463.8 770.3 1068.6 1333.3 1555.4
 33.3 196.7 463.8 770.3 1068.6 1333.3 1555.4
 33.3 196.7 463.8 770.3 1068.6 1333.3 1555.4
 33.3 196.7 463.8 770.3 1068.6 1333.3 1555.4
 33.3 196.7 463.8 770.3 1068.6 1333.3 1555.4
 33.3 196.7 463.8 770.3 1068.6 1333.3 1555.4
 33.3 196.7 463.8 770.3 1068.6 1333.3 1555.4
 33.3 196.7 463.8 770.3 1068.6 1333.3 1555.4
 33.3 196.7 463.8 770.3 1068.6 1333.3 1555.4
 33.3 196.7 463.8 770.3 1068.6 1333.3 1555.4
 33.3 196.7 463.8 770.3 1068.6 1333.3 1555.4
 33.3 196.7 463.8 770.3 1068.6 1333.3 1555.4
 33.3 196.7 463.8 770.3 1068.6 1333.3 1555.4
 33.3 196.7 463.8 770.3 1068.6 1333.3 1555.4
 33.3 196.7 463.8 770.3 1068.6 1333.3 1555.4
 33.3 196.7 463.8 770.3 1068.6 1333.3 1555.4
 33.3 196.7 463.8 770.3 1068.6 1333.3 1555.4
 33.3 196.7 463.8 770.3 1068.6 1333.3 1555.4
 33.3 196.7 463.8 770.3 1068.6 1333.3 1555.4
 33.3 196.7 463.8 770.3 1068.6 1333.3 1555.4
 33.3 196.7 463.8 770.3 1068.6 1333.3 1555.4
 33.3 196.7 463.8 770.3 1068.6 1333.3 1555.4
 33.3 196.7 463.8 770.3 1068.6 1333.3 1555.4
 33.3 196.7 463.8 770.3 1068.6 1333.3 1555.4
 33.3 196.7 463.8 770.3 1068.6 1333.3 1555.4
 33.3 196.7 463.8 770.3 1068.6 1333.3 1555.4
 33.3 196.7 463.8 770.3 1068.6 1333.3 1555.4
 33.3 196.7 463.8 770.3 1068.6 1333.3 1555.4
 33.3 196.7 463.8 770.3 1068.6 1333.3 1555.4
 33.3 196.7 463.8 770.3 1068.6 1333.3 1555.4
 33.3 196.7 463.8 770.3 1068.6 1333.3 1555.4
 33.3 196.7 463.8 770.3 1068.6 1333.3 1555.4
 33.3 196.7 463.8 770.3 1068.6 1333.3 1555.4
 33.3 196.7 463.8 770.3 1068.6 1333.3 1555.4
 33.3 196.7 463.8 770.3 1068.6 1333.3 1555.4
 33.3 196.7 463.8 770.3 1068.6 1333.3 1555.4
 33.3 196.7 463.8 770.3 1068.6 1333.3 1555.4
 33.3 196.7 463.8 770.3 1068.6 1333.3 1555.4
 33.3 196.7 463.8 770.3 1068.6 1333.3 1555.4
 33.3 196.7 463.8 770.3 1068.6 1333.3 1555.4
 33.3 196.7 463.8 770.3 1068.6 1333.3 1555.4
 33.3 196.7 463.8 770.3 1068.6 1333.3 1555.4
 33.3 196.7 463.8 770.3 1068.6 1333.3 1555.4
 33.3 196.7 463.8 770.3 1068.6 1333.3 1555.4
 33.3 196.7 463.8 770.3 1068.6 1333.3 1555.4
 33.3 196.7 463.8 770.3 1068.6 1333.3 1555.4
 33.3 196.7 463.8 770.3 1068.6 1333.3 1555.4
 33.3 196.7 463.8 770.3 1068.6 1333.3 1555.4
 33.3 196.7 463.8 770.3 1068.6 1333.3 1555.4
 33.3 196.7 463.8 770.3 1068.6 1333.3 1555.4
 33.3 196.7 463.8 770.3 1068.6 1333.3 1555.4
 33.3 196.7 463.8 770.3 1068.6 1333.3 1555.4
 33.3 196.7 463.8 770.3 1068.6 1333.3 1555.4
 33.3 196.7 463.8 770.3 1068.6 1333.3 1555.4
 33.3 196.7 463.8 770.3 1068.6 1333.3 1555.4
 33.3 196.7 463.8 770.3 1068.6 1333.3 1555.4
 33.3 196.7 463.8 770.3 1068.6 1333.3 1555.4
 33.3 196.7 463.8 770.3 1068.6 1333.3 1555.4
 33.3 196.7 463.8 770.3 1068.6 1333.3 1555.4
 33.3 196.7 463.8 770.3 1068.6 1333.3 1555.4
 33.3 196.7 463.8 770.3 1068.6 1333.3 1555.4
 33.3 196.7 463.8 770.3 1068.6 1333.3 1555.4
 33.3 196.7 463.8 770.3 1068.6 1333.3 1555.4
 33.3 196.7 463.8 770.3 1068.6 1333.3 1555.4
 33.3 196.7 463.8 770.3 1068.6 1333.3 1555.4
 33.3 196.7 463.8 770.3 1068.6 1333.3 1555.4
 33.3 196.7 463.8 770.3 1068.6 1333.3 1555.4
 33.3 196.7 463.8 770.3 1068.6 1333.3 1555.4
 33.3 196.7 463.8 770.3 1068.6 1333.3 1555.4
 33.3 196.7 463.8 770.3 1068.6 1333.3 1555.4
 33.3 196.7 463.8 770.3 1068.6 1333.3 1555.4
 33.3 196.7 463.8 770.3 1068.6 1333.3 1555.4
 33.3 196.7 463.8 770.3 1068.6 1333.3 1555.4
 33.3 196.7 463.8 770.3 1068.6 1333.3 1555.4
 33.3 196.7 463.8 770.3 1068.6 1333.3 1555.4
 33.3 196.7 463.8 770.3 1068.6 1333.3 1555.4
 33.3 196.7 463.8 770.3 1068.6 1333.3 1555.4
 33.3 196.7 463.8 770.3 1068.6 1333.3 1555.4
 33.3 196.7 463.8 770.3 1068.6 1333.3 1555.4
 33.3 196.7 463.8 770.3 1068.6 1333.3 1555.4
 33.3 196.7 463.8 770.3 1068.6 1333.3 1555.4
 33.3 196.7 463.8 770.3 1068.6 1333.3 1555.4
 33.3 196.7 463.8 770.3 1068.6 1333.3 1555.4
 33.3 196.7 463.8 770.3 1068.6 1333.3 1555.4
 33.3 196.7 463.8 770.3 1068.6 1333.3 1555.4
 33.3 196.7 463.8 770.3 1068.6 1333.3 1555.4
 33.3 196.7 463.8 770.3 1068.6 1333.3 1555.4
 33.3 196.7 463.8 770.3 1068.6 1333.3 1555.4
 33.3 196.7 463.8 770.3 1068.6 1333.3 1555.4
 33.3 196.7 463.8 770.3 1068.6 1333.3 1555.4
 33.3 196.7 463.8 770.3 1068.6 1333.3 1555.4
 33.3 196.7 463.8 770.3 1068.6 1333.3 1555.4
 33.3 196.7 463.8 770.3 1068.6 1333.3 1555.4
 33.3 196.7 463.8 770.3 1068.6 1333.3 1555.4
 33.3 196.7 463.8 770.3 1068.6 1333.3 1555.4
 33.3 196.7 463.8 770.3 1068.6 1333.3 1555.4
 33.3 196.7 463.8 770.3 1068.6 1333.3 1555.4
 33.3 196.7 463.8 770.3 1068.6 1333.3 1555.4
 33.3 196.7 463.8 770.3 1068.6 1333.3 1555.4
 33.3 196.7 463.8 770.3 1068.6 1333.3 1555.4
 33.3 196.7 463.8 770.3 1068.6 1333.3 1555.4
 33.3 196.7 463.8 770.3 1068.6 1333.3 1555.4
 33.3 196.7 463.8 770.3 1068.6 1333.3 1555.4
 33.3 196.7 463.8 770.3 1068.6 1333.3 1555.4
 33.3 196.7 463.8 770.3 1068.6 1333.3 1555.4
 33.3 196.7 463.8 770.3 1068.6 1333.3 1555.4
 33.3 196.7 463.8 770.3 1068.6 1333.3 1555.4
 33.3 196.7 463.8 770.3 1068.6 1333.3 1555.4
 33.3 196.7 463.8 770.3 1068.6 1333.3 1555.4
# nyrs_ind_age
 0
# yrs_ind_age

# n_sample_ind_age

# oac_ind

# olc_ind

# obs_lse_ind
 0.246221 0.246221 0.246221 0.246221 0.246221 0.246221 0.246221 0.246221 0.246221 0.246221 0.246221 0.246221 0.246221 0.246221 0.246221 0.246221 0.246221 0.246221 0.246221 0.246221 0.246221 0.246221 0.246221 0.246221 0.246221 0.246221 0.246221 0.246221 0.246221 0.246221 0.246221 0.246221 0.246221 0.246221
# xages_fsh
 0 0 0 0 0 0 0
 0 0 0 0 0 0 0
# xages_fsh
 0 0.166667 0.333333 0.5 0.666667 0.833333 1
 0 0 0 0 0 0 0
# xnodes_fsh


# xages_fsh
 0 0 0 0 0 0 0
 0 0 0 0 0 0 0
# xages_fsh
 0 0 0 0 0 0 0
 0 0.166667 0.333333 0.5 0.666667 0.833333 1
# xnodes_fsh


Yrs fsh_sel change:  1950 1978 1979 1980 1981 1982 1983 1984 1985 1986 1987 1988 1989 1990 1991 1992 1993 1994 1995 1996 1997 1998 1999 2000 2001 2002 2003 2004 2005 2006 2007 2008 2009 2010 2011 2012 0 0 0 0 0 0 0 0 0 0 0 0 0 0 0 0 0 0 0 0 0 0 0 0 0 0 0 0
 1950 0 0 0 0 0 0 0 0 0 0 0 0 0 0 0 0 0 0 0 0 0 0 0 0 0 0 0 0 0 0 0 0 0 0 0 0 0 0 0 0 0 0 0 0 0 0 0 0 0 0 0 0 0 0 0 0 0 0 0 0 0 0 0
Yrs ind_sel change:  1950 0 0 0 0 0 0 0 0 0 0 0 0 0 0 0 0 0 0 0 0 0 0 0 0 0 0 0 0 0 0 0 0 0 0 0 0 0 0 0 0 0 0 0 0 0 0 0 0 0 0 0 0 0 0 0 0 0 0 0 0 0 0 0
# steepnessprior
0.8
# sigmarprior
0.6
#  SSB estimated in styr endyr: 1943 2013 
#  Rec estimated in styr endyr: 1944 2014 
#  SR Curve fit  in styr endyr: 1975 2013 
#             Model styr endyr: 1950 2014 
# qprior
 1e-06
# q_power_prior 
 0.5 
# cv_catchbiomass 
0.05 
# CatchbiomassPen 
200 
# Number of projection years 
10 
# offset_fsh
 1479.11 0
# offset_ind
 0
Mean Catch
112541
R_guess 
8.94783
# nfsh
2
# n_sel_ch_fsh
 36 1
# nselages_fsh
 5 5
# phase_selcoff_fsh
 4 -4
logRzero 8.94783
logmeanrec 8.94783
exp(log_sigmarprior 0.6
Fish sel phase: 4 Korea
Fish sel phase: -4 Japan
Initial fixing fishery sel to
1
Init coef:
 1 1 1 1 1
Srvy sel phase: -5
Fixing CPUE indices sel to
1
Fixing index sel to
1
# logsel_slp_in_indv
 0
Leaving parameter init secton
# M
 0.49 0.49 0.49 0.49 0.49 0.49 0.49
 0.49 0.49 0.49 0.49 0.49 0.49 0.49
 0.49 0.49 0.49 0.49 0.49 0.49 0.49
 0.49 0.49 0.49 0.49 0.49 0.49 0.49
 0.49 0.49 0.49 0.49 0.49 0.49 0.49
 0.49 0.49 0.49 0.49 0.49 0.49 0.49
 0.49 0.49 0.49 0.49 0.49 0.49 0.49
 0.49 0.49 0.49 0.49 0.49 0.49 0.49
 0.49 0.49 0.49 0.49 0.49 0.49 0.49
 0.49 0.49 0.49 0.49 0.49 0.49 0.49
 0.49 0.49 0.49 0.49 0.49 0.49 0.49
 0.49 0.49 0.49 0.49 0.49 0.49 0.49
 0.49 0.49 0.49 0.49 0.49 0.49 0.49
 0.49 0.49 0.49 0.49 0.49 0.49 0.49
 0.49 0.49 0.49 0.49 0.49 0.49 0.49
 0.49 0.49 0.49 0.49 0.49 0.49 0.49
 0.49 0.49 0.49 0.49 0.49 0.49 0.49
 0.49 0.49 0.49 0.49 0.49 0.49 0.49
 0.49 0.49 0.49 0.49 0.49 0.49 0.49
 0.49 0.49 0.49 0.49 0.49 0.49 0.49
 0.49 0.49 0.49 0.49 0.49 0.49 0.49
 0.49 0.49 0.49 0.49 0.49 0.49 0.49
 0.49 0.49 0.49 0.49 0.49 0.49 0.49
 0.49 0.49 0.49 0.49 0.49 0.49 0.49
 0.49 0.49 0.49 0.49 0.49 0.49 0.49
 0.49 0.49 0.49 0.49 0.49 0.49 0.49
 0.49 0.49 0.49 0.49 0.49 0.49 0.49
 0.49 0.49 0.49 0.49 0.49 0.49 0.49
 0.49 0.49 0.49 0.49 0.49 0.49 0.49
 0.49 0.49 0.49 0.49 0.49 0.49 0.49
 0.49 0.49 0.49 0.49 0.49 0.49 0.49
 0.49 0.49 0.49 0.49 0.49 0.49 0.49
 0.49 0.49 0.49 0.49 0.49 0.49 0.49
 0.49 0.49 0.49 0.49 0.49 0.49 0.49
 0.49 0.49 0.49 0.49 0.49 0.49 0.49
 0.49 0.49 0.49 0.49 0.49 0.49 0.49
 0.49 0.49 0.49 0.49 0.49 0.49 0.49
 0.49 0.49 0.49 0.49 0.49 0.49 0.49
 0.49 0.49 0.49 0.49 0.49 0.49 0.49
 0.49 0.49 0.49 0.49 0.49 0.49 0.49
 0.49 0.49 0.49 0.49 0.49 0.49 0.49
 0.49 0.49 0.49 0.49 0.49 0.49 0.49
 0.49 0.49 0.49 0.49 0.49 0.49 0.49
 0.49 0.49 0.49 0.49 0.49 0.49 0.49
 0.49 0.49 0.49 0.49 0.49 0.49 0.49
 0.49 0.49 0.49 0.49 0.49 0.49 0.49
 0.49 0.49 0.49 0.49 0.49 0.49 0.49
 0.49 0.49 0.49 0.49 0.49 0.49 0.49
 0.49 0.49 0.49 0.49 0.49 0.49 0.49
 0.49 0.49 0.49 0.49 0.49 0.49 0.49
 0.49 0.49 0.49 0.49 0.49 0.49 0.49
 0.49 0.49 0.49 0.49 0.49 0.49 0.49
 0.49 0.49 0.49 0.49 0.49 0.49 0.49
 0.49 0.49 0.49 0.49 0.49 0.49 0.49
 0.49 0.49 0.49 0.49 0.49 0.49 0.49
 0.49 0.49 0.49 0.49 0.49 0.49 0.49
 0.49 0.49 0.49 0.49 0.49 0.49 0.49
 0.49 0.49 0.49 0.49 0.49 0.49 0.49
 0.49 0.49 0.49 0.49 0.49 0.49 0.49
 0.49 0.49 0.49 0.49 0.49 0.49 0.49
 0.49 0.49 0.49 0.49 0.49 0.49 0.49
 0.49 0.49 0.49 0.49 0.49 0.49 0.49
 0.49 0.49 0.49 0.49 0.49 0.49 0.49
 0.49 0.49 0.49 0.49 0.49 0.49 0.49
 0.49 0.49 0.49 0.49 0.49 0.49 0.49
# mean_log_rec
7.90507
# log_Rzero
8.0836
# rec_dev
 -1.28485e-05 -2.08224e-05 -3.34418e-05 -5.30365e-05 -8.369e-05 -0.000131898 -0.000208869 -0.000331526 -0.000527684 -0.000847721 -0.00137231 -0.00223273 -0.00364357 -0.00593075 -0.00960636 -0.0155052 -0.0248944 -0.0398019 -0.0631712 -0.0988107 -0.149902 -0.219273 -0.308247 -0.421672 -0.509712 -0.210185 0.0633364 0.168235 0.194424 -0.0652987 0.135003 0.0455296 0.0350034 0.0763134 -0.08643 -0.091664 -0.0667908 0.109122 -0.111889 -0.162364 -0.063722 0.245143 0.131666 0.0543211 -0.309352 -0.136778 0.0121222 0.171457 0.242044 0.389923 0.670725 0.548136 0.0350456 -0.158654 0.02137 -0.0357099 -0.0976757 -0.178905 0.025311 -0.160812 -0.099118 0.0661934 0.0804742 0.206085 0.198497 0.261586 0.130755 0.0526934 0.100658 -0.0392516 -8.15609e-09
# fmort
 0.00576651 0.00780526 0.00838287 0.00557853 0.0115618 0.00735559 0.00693579 0.00563387 0.00252955 0.000703643 0.00092555 0.000744748 0.00171382 0.00229691 0.00104696 0.00320052 0.000928402 0.00127751 0.00507979 0.0224779 0.0230637 0.0398625 0.0532721 0.0508762 0.0605776 0.0599962 0.100864 0.118466 0.116943 0.162182 0.103502 0.175044 0.187549 0.240503 0.222996 0.188406 0.255495 0.197826 0.220286 0.237453 0.18986 0.156266 0.160561 0.196014 0.254765 0.2382 0.351172 0.186959 0.209194 0.237309 0.203772 0.274785 0.203614 0.168709 0.203599 0.152734 0.106055 0.129536 0.155759 0.0844182 0.0633145 0.092185 0.0728124 0.066825 0.0753102
 0.00819206 0.0110884 0.0119089 0.00792501 0.016425 0.0104495 0.00985318 0.00800364 0.00359354 0.000999615 0.00131486 0.00105801 0.00243469 0.00326305 0.00148734 0.00454676 0.00131891 0.00181487 0.00721662 0.0319363 0.0327698 0.0566454 0.0757055 0.184604 0.260738 0.248571 0.252933 0.306247 0.350207 0.363892 0.490143 0.39513 0.529486 0.47333 0.43408 0.56112 0.475914 0.37822 0.324334 0.410524 0.25583 0.261209 0.197212 0.263623 0.410246 0.247122 0.347794 0.245928 0.199599 0.144271 0.124247 0.105202 0.123511 0.114701 0.0938503 0.103576 0.0951481 0.0955043 0.100645 0.093757 0.0778653 0.0698355 0.0628346 0.0370489 0.0550857
# rec_dev_future
 0 0 0 0 0 0 0 0 0 0
